This file contains any messages produced by compilers while
running configure, to aid debugging if configure makes a mistake.

It was created by spamdyke configure 4.3.1, which was
generated by GNU Autoconf 2.61.  Invocation command line was

  $ ./configure --build=i586-linux-gnu --prefix=/usr --includedir=${prefix}/include --mandir=${prefix}/share/man --infodir=${prefix}/share/info --sysconfdir=/etc --localstatedir=/var --disable-silent-rules --libdir=${prefix}/lib/i386-linux-gnu --libexecdir=${prefix}/lib/i386-linux-gnu --disable-maintainer-mode --disable-dependency-tracking --exec_prefix=/usr

## --------- ##
## Platform. ##
## --------- ##

hostname = qmail-dev.webnet.pl
uname -m = i686
uname -r = 3.16.0-4-686-pae
uname -s = Linux
uname -v = #1 SMP Debian 3.16.39-1 (2016-12-30)

/usr/bin/uname -p = unknown
/bin/uname -X     = unknown

/bin/arch              = unknown
/usr/bin/arch -k       = unknown
/usr/convex/getsysinfo = unknown
/usr/bin/hostinfo      = unknown
/bin/machine           = unknown
/usr/bin/oslevel       = unknown
/bin/universe          = unknown

PATH: /usr/sbin
PATH: /usr/bin
PATH: /sbin
PATH: /bin
PATH: /usr/bin/X11


## ----------- ##
## Core tests. ##
## ----------- ##

configure:1765: checking for gcc
configure:1781: found /usr/bin/gcc
configure:1792: result: gcc
configure:1828: checking for C compiler version
configure:1835: gcc --version >&5
gcc (Debian 4.9.2-10) 4.9.2
Copyright (C) 2014 Free Software Foundation, Inc.
This is free software; see the source for copying conditions.  There is NO
warranty; not even for MERCHANTABILITY or FITNESS FOR A PARTICULAR PURPOSE.

configure:1838: $? = 0
configure:1845: gcc -v >&5
Using built-in specs.
COLLECT_GCC=gcc
COLLECT_LTO_WRAPPER=/usr/lib/gcc/i586-linux-gnu/4.9/lto-wrapper
Target: i586-linux-gnu
Configured with: ../src/configure -v --with-pkgversion='Debian 4.9.2-10' --with-bugurl=file:///usr/share/doc/gcc-4.9/README.Bugs --enable-languages=c,c++,java,go,d,fortran,objc,obj-c++ --prefix=/usr --program-suffix=-4.9 --enable-shared --enable-linker-build-id --libexecdir=/usr/lib --without-included-gettext --enable-threads=posix --with-gxx-include-dir=/usr/include/c++/4.9 --libdir=/usr/lib --enable-nls --with-sysroot=/ --enable-clocale=gnu --enable-libstdcxx-debug --enable-libstdcxx-time=yes --enable-gnu-unique-object --disable-vtable-verify --enable-plugin --with-system-zlib --disable-browser-plugin --enable-java-awt=gtk --enable-gtk-cairo --with-java-home=/usr/lib/jvm/java-1.5.0-gcj-4.9-i386/jre --enable-java-home --with-jvm-root-dir=/usr/lib/jvm/java-1.5.0-gcj-4.9-i386 --with-jvm-jar-dir=/usr/lib/jvm-exports/java-1.5.0-gcj-4.9-i386 --with-arch-directory=i386 --with-ecj-jar=/usr/share/java/eclipse-ecj.jar --enable-objc-gc --enable-targets=all --enable-multiarch --with-arch-32=i586 --with-multilib-list=m32,m64,mx32 --enable-multilib --with-tune=generic --enable-checking=release --build=i586-linux-gnu --host=i586-linux-gnu --target=i586-linux-gnu
Thread model: posix
gcc version 4.9.2 (Debian 4.9.2-10) 
configure:1848: $? = 0
configure:1855: gcc -V >&5
gcc: error: unrecognized command line option '-V'
gcc: fatal error: no input files
compilation terminated.
configure:1858: $? = 4
configure:1881: checking for C compiler default output file name
configure:1908: gcc -Wall -D_FORTIFY_SOURCE=2 -Wl,-z,relro conftest.c  >&5
configure:1911: $? = 0
configure:1949: result: a.out
configure:1966: checking whether the C compiler works
configure:1976: ./a.out
configure:1979: $? = 0
configure:1996: result: yes
configure:2003: checking whether we are cross compiling
configure:2005: result: no
configure:2008: checking for suffix of executables
configure:2015: gcc -o conftest -Wall -D_FORTIFY_SOURCE=2 -Wl,-z,relro conftest.c  >&5
configure:2018: $? = 0
configure:2042: result: 
configure:2048: checking for suffix of object files
configure:2074: gcc -c -Wall -D_FORTIFY_SOURCE=2 conftest.c >&5
configure:2077: $? = 0
configure:2100: result: o
configure:2104: checking whether we are using the GNU C compiler
configure:2133: gcc -c -Wall -D_FORTIFY_SOURCE=2 conftest.c >&5
configure:2139: $? = 0
configure:2156: result: yes
configure:2161: checking whether gcc accepts -g
configure:2191: gcc -c -g -D_FORTIFY_SOURCE=2 conftest.c >&5
configure:2197: $? = 0
configure:2296: result: yes
configure:2313: checking for gcc option to accept ISO C89
configure:2387: gcc  -c -Wall -D_FORTIFY_SOURCE=2 conftest.c >&5
configure:2393: $? = 0
configure:2416: result: none needed
configure:2441: checking how to run the C preprocessor
configure:2481: gcc -E -D_FORTIFY_SOURCE=2 conftest.c
configure:2487: $? = 0
configure:2518: gcc -E -D_FORTIFY_SOURCE=2 conftest.c
conftest.c:8:28: fatal error: ac_nonexistent.h: No such file or directory
 #include <ac_nonexistent.h>
                            ^
compilation terminated.
configure:2524: $? = 1
configure: failed program was:
| /* confdefs.h.  */
| #define PACKAGE_NAME "spamdyke"
| #define PACKAGE_TARNAME "-spamdyke-"
| #define PACKAGE_VERSION "4.3.1"
| #define PACKAGE_STRING "spamdyke 4.3.1"
| #define PACKAGE_BUGREPORT "samc (at) silence (dot) org"
| /* end confdefs.h.  */
| #include <ac_nonexistent.h>
configure:2557: result: gcc -E
configure:2586: gcc -E -D_FORTIFY_SOURCE=2 conftest.c
configure:2592: $? = 0
configure:2623: gcc -E -D_FORTIFY_SOURCE=2 conftest.c
conftest.c:8:28: fatal error: ac_nonexistent.h: No such file or directory
 #include <ac_nonexistent.h>
                            ^
compilation terminated.
configure:2629: $? = 1
configure: failed program was:
| /* confdefs.h.  */
| #define PACKAGE_NAME "spamdyke"
| #define PACKAGE_TARNAME "-spamdyke-"
| #define PACKAGE_VERSION "4.3.1"
| #define PACKAGE_STRING "spamdyke 4.3.1"
| #define PACKAGE_BUGREPORT "samc (at) silence (dot) org"
| /* end confdefs.h.  */
| #include <ac_nonexistent.h>
configure:2667: checking for grep that handles long lines and -e
configure:2741: result: /bin/grep
configure:2746: checking for egrep
configure:2824: result: /bin/grep -E
configure:2829: checking for ANSI C header files
configure:2859: gcc -c -Wall -D_FORTIFY_SOURCE=2 conftest.c >&5
configure:2865: $? = 0
configure:2964: gcc -o conftest -Wall -D_FORTIFY_SOURCE=2 -Wl,-z,relro conftest.c  >&5
configure:2967: $? = 0
configure:2973: ./conftest
configure:2976: $? = 0
configure:2993: result: yes
configure:3017: checking for sys/types.h
configure:3038: gcc -c -Wall -D_FORTIFY_SOURCE=2 conftest.c >&5
configure:3044: $? = 0
configure:3060: result: yes
configure:3017: checking for sys/stat.h
configure:3038: gcc -c -Wall -D_FORTIFY_SOURCE=2 conftest.c >&5
configure:3044: $? = 0
configure:3060: result: yes
configure:3017: checking for stdlib.h
configure:3038: gcc -c -Wall -D_FORTIFY_SOURCE=2 conftest.c >&5
configure:3044: $? = 0
configure:3060: result: yes
configure:3017: checking for string.h
configure:3038: gcc -c -Wall -D_FORTIFY_SOURCE=2 conftest.c >&5
configure:3044: $? = 0
configure:3060: result: yes
configure:3017: checking for memory.h
configure:3038: gcc -c -Wall -D_FORTIFY_SOURCE=2 conftest.c >&5
configure:3044: $? = 0
configure:3060: result: yes
configure:3017: checking for strings.h
configure:3038: gcc -c -Wall -D_FORTIFY_SOURCE=2 conftest.c >&5
configure:3044: $? = 0
configure:3060: result: yes
configure:3017: checking for inttypes.h
configure:3038: gcc -c -Wall -D_FORTIFY_SOURCE=2 conftest.c >&5
configure:3044: $? = 0
configure:3060: result: yes
configure:3017: checking for stdint.h
configure:3038: gcc -c -Wall -D_FORTIFY_SOURCE=2 conftest.c >&5
configure:3044: $? = 0
configure:3060: result: yes
configure:3017: checking for unistd.h
configure:3038: gcc -c -Wall -D_FORTIFY_SOURCE=2 conftest.c >&5
configure:3044: $? = 0
configure:3060: result: yes
configure:3077: checking for stdint.h
configure:3083: result: yes
configure:3232: checking sys/inttypes.h usability
configure:3249: gcc -c -Wall -D_FORTIFY_SOURCE=2 conftest.c >&5
conftest.c:52:26: fatal error: sys/inttypes.h: No such file or directory
 #include <sys/inttypes.h>
                          ^
compilation terminated.
configure:3255: $? = 1
configure: failed program was:
| /* confdefs.h.  */
| #define PACKAGE_NAME "spamdyke"
| #define PACKAGE_TARNAME "-spamdyke-"
| #define PACKAGE_VERSION "4.3.1"
| #define PACKAGE_STRING "spamdyke 4.3.1"
| #define PACKAGE_BUGREPORT "samc (at) silence (dot) org"
| #define STDC_HEADERS 1
| #define HAVE_SYS_TYPES_H 1
| #define HAVE_SYS_STAT_H 1
| #define HAVE_STDLIB_H 1
| #define HAVE_STRING_H 1
| #define HAVE_MEMORY_H 1
| #define HAVE_STRINGS_H 1
| #define HAVE_INTTYPES_H 1
| #define HAVE_STDINT_H 1
| #define HAVE_UNISTD_H 1
| #define HAVE_STDINT_H 1
| /* end confdefs.h.  */
| #include <stdio.h>
| #ifdef HAVE_SYS_TYPES_H
| # include <sys/types.h>
| #endif
| #ifdef HAVE_SYS_STAT_H
| # include <sys/stat.h>
| #endif
| #ifdef STDC_HEADERS
| # include <stdlib.h>
| # include <stddef.h>
| #else
| # ifdef HAVE_STDLIB_H
| #  include <stdlib.h>
| # endif
| #endif
| #ifdef HAVE_STRING_H
| # if !defined STDC_HEADERS && defined HAVE_MEMORY_H
| #  include <memory.h>
| # endif
| # include <string.h>
| #endif
| #ifdef HAVE_STRINGS_H
| # include <strings.h>
| #endif
| #ifdef HAVE_INTTYPES_H
| # include <inttypes.h>
| #endif
| #ifdef HAVE_STDINT_H
| # include <stdint.h>
| #endif
| #ifdef HAVE_UNISTD_H
| # include <unistd.h>
| #endif
| #include <sys/inttypes.h>
configure:3269: result: no
configure:3273: checking sys/inttypes.h presence
configure:3288: gcc -E -D_FORTIFY_SOURCE=2 conftest.c
conftest.c:19:26: fatal error: sys/inttypes.h: No such file or directory
 #include <sys/inttypes.h>
                          ^
compilation terminated.
configure:3294: $? = 1
configure: failed program was:
| /* confdefs.h.  */
| #define PACKAGE_NAME "spamdyke"
| #define PACKAGE_TARNAME "-spamdyke-"
| #define PACKAGE_VERSION "4.3.1"
| #define PACKAGE_STRING "spamdyke 4.3.1"
| #define PACKAGE_BUGREPORT "samc (at) silence (dot) org"
| #define STDC_HEADERS 1
| #define HAVE_SYS_TYPES_H 1
| #define HAVE_SYS_STAT_H 1
| #define HAVE_STDLIB_H 1
| #define HAVE_STRING_H 1
| #define HAVE_MEMORY_H 1
| #define HAVE_STRINGS_H 1
| #define HAVE_INTTYPES_H 1
| #define HAVE_STDINT_H 1
| #define HAVE_UNISTD_H 1
| #define HAVE_STDINT_H 1
| /* end confdefs.h.  */
| #include <sys/inttypes.h>
configure:3308: result: no
configure:3341: checking for sys/inttypes.h
configure:3349: result: no
configure:3367: checking for sys/types.h
configure:3373: result: yes
configure:3512: checking for stdint.h
configure:3558: result: yes
configure:3512: checking for sys/inttypes.h
configure:3558: result: no
configure:3570: checking whether time.h and sys/time.h may both be included
configure:3600: gcc -c -Wall -D_FORTIFY_SOURCE=2 conftest.c >&5
configure:3606: $? = 0
configure:3621: result: yes
configure:3633: checking for int16_t
configure:3664: gcc -c -Wall -D_FORTIFY_SOURCE=2 conftest.c >&5
conftest.c: In function 'main':
conftest.c:58:12: warning: variable 'test_array' set but not used [-Wunused-but-set-variable]
 static int test_array [1 - 2 * !(0 < (int16_t) ((((int16_t) 1 << (16 - 2)) - 1) * 2 + 1))];
            ^
configure:3670: $? = 0
configure: failed program was:
| /* confdefs.h.  */
| #define PACKAGE_NAME "spamdyke"
| #define PACKAGE_TARNAME "-spamdyke-"
| #define PACKAGE_VERSION "4.3.1"
| #define PACKAGE_STRING "spamdyke 4.3.1"
| #define PACKAGE_BUGREPORT "samc (at) silence (dot) org"
| #define STDC_HEADERS 1
| #define HAVE_SYS_TYPES_H 1
| #define HAVE_SYS_STAT_H 1
| #define HAVE_STDLIB_H 1
| #define HAVE_STRING_H 1
| #define HAVE_MEMORY_H 1
| #define HAVE_STRINGS_H 1
| #define HAVE_INTTYPES_H 1
| #define HAVE_STDINT_H 1
| #define HAVE_UNISTD_H 1
| #define HAVE_STDINT_H 1
| #define HAVE_SYS_TYPES_H 1
| #define HAVE_STDINT_H 1
| #define TIME_WITH_SYS_TIME 1
| /* end confdefs.h.  */
| #include <stdio.h>
| #ifdef HAVE_SYS_TYPES_H
| # include <sys/types.h>
| #endif
| #ifdef HAVE_SYS_STAT_H
| # include <sys/stat.h>
| #endif
| #ifdef STDC_HEADERS
| # include <stdlib.h>
| # include <stddef.h>
| #else
| # ifdef HAVE_STDLIB_H
| #  include <stdlib.h>
| # endif
| #endif
| #ifdef HAVE_STRING_H
| # if !defined STDC_HEADERS && defined HAVE_MEMORY_H
| #  include <memory.h>
| # endif
| # include <string.h>
| #endif
| #ifdef HAVE_STRINGS_H
| # include <strings.h>
| #endif
| #ifdef HAVE_INTTYPES_H
| # include <inttypes.h>
| #endif
| #ifdef HAVE_STDINT_H
| # include <stdint.h>
| #endif
| #ifdef HAVE_UNISTD_H
| # include <unistd.h>
| #endif
| int
| main ()
| {
| static int test_array [1 - 2 * !(0 < (int16_t) ((((int16_t) 1 << (16 - 2)) - 1) * 2 + 1))];
| test_array [0] = 0
| 
|   ;
|   return 0;
| }
configure:3664: gcc -c -Wall -D_FORTIFY_SOURCE=2 conftest.c >&5
conftest.c: In function 'main':
conftest.c:58:12: warning: variable 'test_array' set but not used [-Wunused-but-set-variable]
 static int test_array [1 - 2 * !(0 < (int) ((((int) 1 << (16 - 2)) - 1) * 2 + 1))];
            ^
configure:3670: $? = 0
configure: failed program was:
| /* confdefs.h.  */
| #define PACKAGE_NAME "spamdyke"
| #define PACKAGE_TARNAME "-spamdyke-"
| #define PACKAGE_VERSION "4.3.1"
| #define PACKAGE_STRING "spamdyke 4.3.1"
| #define PACKAGE_BUGREPORT "samc (at) silence (dot) org"
| #define STDC_HEADERS 1
| #define HAVE_SYS_TYPES_H 1
| #define HAVE_SYS_STAT_H 1
| #define HAVE_STDLIB_H 1
| #define HAVE_STRING_H 1
| #define HAVE_MEMORY_H 1
| #define HAVE_STRINGS_H 1
| #define HAVE_INTTYPES_H 1
| #define HAVE_STDINT_H 1
| #define HAVE_UNISTD_H 1
| #define HAVE_STDINT_H 1
| #define HAVE_SYS_TYPES_H 1
| #define HAVE_STDINT_H 1
| #define TIME_WITH_SYS_TIME 1
| /* end confdefs.h.  */
| #include <stdio.h>
| #ifdef HAVE_SYS_TYPES_H
| # include <sys/types.h>
| #endif
| #ifdef HAVE_SYS_STAT_H
| # include <sys/stat.h>
| #endif
| #ifdef STDC_HEADERS
| # include <stdlib.h>
| # include <stddef.h>
| #else
| # ifdef HAVE_STDLIB_H
| #  include <stdlib.h>
| # endif
| #endif
| #ifdef HAVE_STRING_H
| # if !defined STDC_HEADERS && defined HAVE_MEMORY_H
| #  include <memory.h>
| # endif
| # include <string.h>
| #endif
| #ifdef HAVE_STRINGS_H
| # include <strings.h>
| #endif
| #ifdef HAVE_INTTYPES_H
| # include <inttypes.h>
| #endif
| #ifdef HAVE_STDINT_H
| # include <stdint.h>
| #endif
| #ifdef HAVE_UNISTD_H
| # include <unistd.h>
| #endif
| int
| main ()
| {
| static int test_array [1 - 2 * !(0 < (int) ((((int) 1 << (16 - 2)) - 1) * 2 + 1))];
| test_array [0] = 0
| 
|   ;
|   return 0;
| }
configure:3664: gcc -c -Wall -D_FORTIFY_SOURCE=2 conftest.c >&5
conftest.c: In function 'main':
conftest.c:58:12: warning: variable 'test_array' set but not used [-Wunused-but-set-variable]
 static int test_array [1 - 2 * !(0 < (long int) ((((long int) 1 << (16 - 2)) - 1) * 2 + 1))];
            ^
configure:3670: $? = 0
configure: failed program was:
| /* confdefs.h.  */
| #define PACKAGE_NAME "spamdyke"
| #define PACKAGE_TARNAME "-spamdyke-"
| #define PACKAGE_VERSION "4.3.1"
| #define PACKAGE_STRING "spamdyke 4.3.1"
| #define PACKAGE_BUGREPORT "samc (at) silence (dot) org"
| #define STDC_HEADERS 1
| #define HAVE_SYS_TYPES_H 1
| #define HAVE_SYS_STAT_H 1
| #define HAVE_STDLIB_H 1
| #define HAVE_STRING_H 1
| #define HAVE_MEMORY_H 1
| #define HAVE_STRINGS_H 1
| #define HAVE_INTTYPES_H 1
| #define HAVE_STDINT_H 1
| #define HAVE_UNISTD_H 1
| #define HAVE_STDINT_H 1
| #define HAVE_SYS_TYPES_H 1
| #define HAVE_STDINT_H 1
| #define TIME_WITH_SYS_TIME 1
| /* end confdefs.h.  */
| #include <stdio.h>
| #ifdef HAVE_SYS_TYPES_H
| # include <sys/types.h>
| #endif
| #ifdef HAVE_SYS_STAT_H
| # include <sys/stat.h>
| #endif
| #ifdef STDC_HEADERS
| # include <stdlib.h>
| # include <stddef.h>
| #else
| # ifdef HAVE_STDLIB_H
| #  include <stdlib.h>
| # endif
| #endif
| #ifdef HAVE_STRING_H
| # if !defined STDC_HEADERS && defined HAVE_MEMORY_H
| #  include <memory.h>
| # endif
| # include <string.h>
| #endif
| #ifdef HAVE_STRINGS_H
| # include <strings.h>
| #endif
| #ifdef HAVE_INTTYPES_H
| # include <inttypes.h>
| #endif
| #ifdef HAVE_STDINT_H
| # include <stdint.h>
| #endif
| #ifdef HAVE_UNISTD_H
| # include <unistd.h>
| #endif
| int
| main ()
| {
| static int test_array [1 - 2 * !(0 < (long int) ((((long int) 1 << (16 - 2)) - 1) * 2 + 1))];
| test_array [0] = 0
| 
|   ;
|   return 0;
| }
configure:3664: gcc -c -Wall -D_FORTIFY_SOURCE=2 conftest.c >&5
conftest.c: In function 'main':
conftest.c:58:12: warning: variable 'test_array' set but not used [-Wunused-but-set-variable]
 static int test_array [1 - 2 * !(0 < (long long int) ((((long long int) 1 << (16 - 2)) - 1) * 2 + 1))];
            ^
configure:3670: $? = 0
configure: failed program was:
| /* confdefs.h.  */
| #define PACKAGE_NAME "spamdyke"
| #define PACKAGE_TARNAME "-spamdyke-"
| #define PACKAGE_VERSION "4.3.1"
| #define PACKAGE_STRING "spamdyke 4.3.1"
| #define PACKAGE_BUGREPORT "samc (at) silence (dot) org"
| #define STDC_HEADERS 1
| #define HAVE_SYS_TYPES_H 1
| #define HAVE_SYS_STAT_H 1
| #define HAVE_STDLIB_H 1
| #define HAVE_STRING_H 1
| #define HAVE_MEMORY_H 1
| #define HAVE_STRINGS_H 1
| #define HAVE_INTTYPES_H 1
| #define HAVE_STDINT_H 1
| #define HAVE_UNISTD_H 1
| #define HAVE_STDINT_H 1
| #define HAVE_SYS_TYPES_H 1
| #define HAVE_STDINT_H 1
| #define TIME_WITH_SYS_TIME 1
| /* end confdefs.h.  */
| #include <stdio.h>
| #ifdef HAVE_SYS_TYPES_H
| # include <sys/types.h>
| #endif
| #ifdef HAVE_SYS_STAT_H
| # include <sys/stat.h>
| #endif
| #ifdef STDC_HEADERS
| # include <stdlib.h>
| # include <stddef.h>
| #else
| # ifdef HAVE_STDLIB_H
| #  include <stdlib.h>
| # endif
| #endif
| #ifdef HAVE_STRING_H
| # if !defined STDC_HEADERS && defined HAVE_MEMORY_H
| #  include <memory.h>
| # endif
| # include <string.h>
| #endif
| #ifdef HAVE_STRINGS_H
| # include <strings.h>
| #endif
| #ifdef HAVE_INTTYPES_H
| # include <inttypes.h>
| #endif
| #ifdef HAVE_STDINT_H
| # include <stdint.h>
| #endif
| #ifdef HAVE_UNISTD_H
| # include <unistd.h>
| #endif
| int
| main ()
| {
| static int test_array [1 - 2 * !(0 < (long long int) ((((long long int) 1 << (16 - 2)) - 1) * 2 + 1))];
| test_array [0] = 0
| 
|   ;
|   return 0;
| }
configure:3664: gcc -c -Wall -D_FORTIFY_SOURCE=2 conftest.c >&5
conftest.c: In function 'main':
conftest.c:58:12: warning: variable 'test_array' set but not used [-Wunused-but-set-variable]
 static int test_array [1 - 2 * !(0 < (short int) ((((short int) 1 << (16 - 2)) - 1) * 2 + 1))];
            ^
configure:3670: $? = 0
configure: failed program was:
| /* confdefs.h.  */
| #define PACKAGE_NAME "spamdyke"
| #define PACKAGE_TARNAME "-spamdyke-"
| #define PACKAGE_VERSION "4.3.1"
| #define PACKAGE_STRING "spamdyke 4.3.1"
| #define PACKAGE_BUGREPORT "samc (at) silence (dot) org"
| #define STDC_HEADERS 1
| #define HAVE_SYS_TYPES_H 1
| #define HAVE_SYS_STAT_H 1
| #define HAVE_STDLIB_H 1
| #define HAVE_STRING_H 1
| #define HAVE_MEMORY_H 1
| #define HAVE_STRINGS_H 1
| #define HAVE_INTTYPES_H 1
| #define HAVE_STDINT_H 1
| #define HAVE_UNISTD_H 1
| #define HAVE_STDINT_H 1
| #define HAVE_SYS_TYPES_H 1
| #define HAVE_STDINT_H 1
| #define TIME_WITH_SYS_TIME 1
| /* end confdefs.h.  */
| #include <stdio.h>
| #ifdef HAVE_SYS_TYPES_H
| # include <sys/types.h>
| #endif
| #ifdef HAVE_SYS_STAT_H
| # include <sys/stat.h>
| #endif
| #ifdef STDC_HEADERS
| # include <stdlib.h>
| # include <stddef.h>
| #else
| # ifdef HAVE_STDLIB_H
| #  include <stdlib.h>
| # endif
| #endif
| #ifdef HAVE_STRING_H
| # if !defined STDC_HEADERS && defined HAVE_MEMORY_H
| #  include <memory.h>
| # endif
| # include <string.h>
| #endif
| #ifdef HAVE_STRINGS_H
| # include <strings.h>
| #endif
| #ifdef HAVE_INTTYPES_H
| # include <inttypes.h>
| #endif
| #ifdef HAVE_STDINT_H
| # include <stdint.h>
| #endif
| #ifdef HAVE_UNISTD_H
| # include <unistd.h>
| #endif
| int
| main ()
| {
| static int test_array [1 - 2 * !(0 < (short int) ((((short int) 1 << (16 - 2)) - 1) * 2 + 1))];
| test_array [0] = 0
| 
|   ;
|   return 0;
| }
configure:3664: gcc -c -Wall -D_FORTIFY_SOURCE=2 conftest.c >&5
conftest.c: In function 'main':
conftest.c:58:12: error: size of array 'test_array' is negative
 static int test_array [1 - 2 * !(0 < (signed char) ((((signed char) 1 << (16 - 2)) - 1) * 2 + 1))];
            ^
conftest.c:58:12: warning: variable 'test_array' set but not used [-Wunused-but-set-variable]
configure:3670: $? = 1
configure: failed program was:
| /* confdefs.h.  */
| #define PACKAGE_NAME "spamdyke"
| #define PACKAGE_TARNAME "-spamdyke-"
| #define PACKAGE_VERSION "4.3.1"
| #define PACKAGE_STRING "spamdyke 4.3.1"
| #define PACKAGE_BUGREPORT "samc (at) silence (dot) org"
| #define STDC_HEADERS 1
| #define HAVE_SYS_TYPES_H 1
| #define HAVE_SYS_STAT_H 1
| #define HAVE_STDLIB_H 1
| #define HAVE_STRING_H 1
| #define HAVE_MEMORY_H 1
| #define HAVE_STRINGS_H 1
| #define HAVE_INTTYPES_H 1
| #define HAVE_STDINT_H 1
| #define HAVE_UNISTD_H 1
| #define HAVE_STDINT_H 1
| #define HAVE_SYS_TYPES_H 1
| #define HAVE_STDINT_H 1
| #define TIME_WITH_SYS_TIME 1
| /* end confdefs.h.  */
| #include <stdio.h>
| #ifdef HAVE_SYS_TYPES_H
| # include <sys/types.h>
| #endif
| #ifdef HAVE_SYS_STAT_H
| # include <sys/stat.h>
| #endif
| #ifdef STDC_HEADERS
| # include <stdlib.h>
| # include <stddef.h>
| #else
| # ifdef HAVE_STDLIB_H
| #  include <stdlib.h>
| # endif
| #endif
| #ifdef HAVE_STRING_H
| # if !defined STDC_HEADERS && defined HAVE_MEMORY_H
| #  include <memory.h>
| # endif
| # include <string.h>
| #endif
| #ifdef HAVE_STRINGS_H
| # include <strings.h>
| #endif
| #ifdef HAVE_INTTYPES_H
| # include <inttypes.h>
| #endif
| #ifdef HAVE_STDINT_H
| # include <stdint.h>
| #endif
| #ifdef HAVE_UNISTD_H
| # include <unistd.h>
| #endif
| int
| main ()
| {
| static int test_array [1 - 2 * !(0 < (signed char) ((((signed char) 1 << (16 - 2)) - 1) * 2 + 1))];
| test_array [0] = 0
| 
|   ;
|   return 0;
| }
configure:3734: result: no
configure:3747: checking for int32_t
configure:3778: gcc -c -Wall -D_FORTIFY_SOURCE=2 conftest.c >&5
conftest.c: In function 'main':
conftest.c:58:12: warning: variable 'test_array' set but not used [-Wunused-but-set-variable]
 static int test_array [1 - 2 * !(0 < (int32_t) ((((int32_t) 1 << (32 - 2)) - 1) * 2 + 1))];
            ^
configure:3784: $? = 0
configure: failed program was:
| /* confdefs.h.  */
| #define PACKAGE_NAME "spamdyke"
| #define PACKAGE_TARNAME "-spamdyke-"
| #define PACKAGE_VERSION "4.3.1"
| #define PACKAGE_STRING "spamdyke 4.3.1"
| #define PACKAGE_BUGREPORT "samc (at) silence (dot) org"
| #define STDC_HEADERS 1
| #define HAVE_SYS_TYPES_H 1
| #define HAVE_SYS_STAT_H 1
| #define HAVE_STDLIB_H 1
| #define HAVE_STRING_H 1
| #define HAVE_MEMORY_H 1
| #define HAVE_STRINGS_H 1
| #define HAVE_INTTYPES_H 1
| #define HAVE_STDINT_H 1
| #define HAVE_UNISTD_H 1
| #define HAVE_STDINT_H 1
| #define HAVE_SYS_TYPES_H 1
| #define HAVE_STDINT_H 1
| #define TIME_WITH_SYS_TIME 1
| /* end confdefs.h.  */
| #include <stdio.h>
| #ifdef HAVE_SYS_TYPES_H
| # include <sys/types.h>
| #endif
| #ifdef HAVE_SYS_STAT_H
| # include <sys/stat.h>
| #endif
| #ifdef STDC_HEADERS
| # include <stdlib.h>
| # include <stddef.h>
| #else
| # ifdef HAVE_STDLIB_H
| #  include <stdlib.h>
| # endif
| #endif
| #ifdef HAVE_STRING_H
| # if !defined STDC_HEADERS && defined HAVE_MEMORY_H
| #  include <memory.h>
| # endif
| # include <string.h>
| #endif
| #ifdef HAVE_STRINGS_H
| # include <strings.h>
| #endif
| #ifdef HAVE_INTTYPES_H
| # include <inttypes.h>
| #endif
| #ifdef HAVE_STDINT_H
| # include <stdint.h>
| #endif
| #ifdef HAVE_UNISTD_H
| # include <unistd.h>
| #endif
| int
| main ()
| {
| static int test_array [1 - 2 * !(0 < (int32_t) ((((int32_t) 1 << (32 - 2)) - 1) * 2 + 1))];
| test_array [0] = 0
| 
|   ;
|   return 0;
| }
configure:3778: gcc -c -Wall -D_FORTIFY_SOURCE=2 conftest.c >&5
conftest.c: In function 'main':
conftest.c:58:12: warning: variable 'test_array' set but not used [-Wunused-but-set-variable]
 static int test_array [1 - 2 * !(0 < (int) ((((int) 1 << (32 - 2)) - 1) * 2 + 1))];
            ^
configure:3784: $? = 0
configure: failed program was:
| /* confdefs.h.  */
| #define PACKAGE_NAME "spamdyke"
| #define PACKAGE_TARNAME "-spamdyke-"
| #define PACKAGE_VERSION "4.3.1"
| #define PACKAGE_STRING "spamdyke 4.3.1"
| #define PACKAGE_BUGREPORT "samc (at) silence (dot) org"
| #define STDC_HEADERS 1
| #define HAVE_SYS_TYPES_H 1
| #define HAVE_SYS_STAT_H 1
| #define HAVE_STDLIB_H 1
| #define HAVE_STRING_H 1
| #define HAVE_MEMORY_H 1
| #define HAVE_STRINGS_H 1
| #define HAVE_INTTYPES_H 1
| #define HAVE_STDINT_H 1
| #define HAVE_UNISTD_H 1
| #define HAVE_STDINT_H 1
| #define HAVE_SYS_TYPES_H 1
| #define HAVE_STDINT_H 1
| #define TIME_WITH_SYS_TIME 1
| /* end confdefs.h.  */
| #include <stdio.h>
| #ifdef HAVE_SYS_TYPES_H
| # include <sys/types.h>
| #endif
| #ifdef HAVE_SYS_STAT_H
| # include <sys/stat.h>
| #endif
| #ifdef STDC_HEADERS
| # include <stdlib.h>
| # include <stddef.h>
| #else
| # ifdef HAVE_STDLIB_H
| #  include <stdlib.h>
| # endif
| #endif
| #ifdef HAVE_STRING_H
| # if !defined STDC_HEADERS && defined HAVE_MEMORY_H
| #  include <memory.h>
| # endif
| # include <string.h>
| #endif
| #ifdef HAVE_STRINGS_H
| # include <strings.h>
| #endif
| #ifdef HAVE_INTTYPES_H
| # include <inttypes.h>
| #endif
| #ifdef HAVE_STDINT_H
| # include <stdint.h>
| #endif
| #ifdef HAVE_UNISTD_H
| # include <unistd.h>
| #endif
| int
| main ()
| {
| static int test_array [1 - 2 * !(0 < (int) ((((int) 1 << (32 - 2)) - 1) * 2 + 1))];
| test_array [0] = 0
| 
|   ;
|   return 0;
| }
configure:3778: gcc -c -Wall -D_FORTIFY_SOURCE=2 conftest.c >&5
conftest.c: In function 'main':
conftest.c:58:12: warning: variable 'test_array' set but not used [-Wunused-but-set-variable]
 static int test_array [1 - 2 * !(0 < (long int) ((((long int) 1 << (32 - 2)) - 1) * 2 + 1))];
            ^
configure:3784: $? = 0
configure: failed program was:
| /* confdefs.h.  */
| #define PACKAGE_NAME "spamdyke"
| #define PACKAGE_TARNAME "-spamdyke-"
| #define PACKAGE_VERSION "4.3.1"
| #define PACKAGE_STRING "spamdyke 4.3.1"
| #define PACKAGE_BUGREPORT "samc (at) silence (dot) org"
| #define STDC_HEADERS 1
| #define HAVE_SYS_TYPES_H 1
| #define HAVE_SYS_STAT_H 1
| #define HAVE_STDLIB_H 1
| #define HAVE_STRING_H 1
| #define HAVE_MEMORY_H 1
| #define HAVE_STRINGS_H 1
| #define HAVE_INTTYPES_H 1
| #define HAVE_STDINT_H 1
| #define HAVE_UNISTD_H 1
| #define HAVE_STDINT_H 1
| #define HAVE_SYS_TYPES_H 1
| #define HAVE_STDINT_H 1
| #define TIME_WITH_SYS_TIME 1
| /* end confdefs.h.  */
| #include <stdio.h>
| #ifdef HAVE_SYS_TYPES_H
| # include <sys/types.h>
| #endif
| #ifdef HAVE_SYS_STAT_H
| # include <sys/stat.h>
| #endif
| #ifdef STDC_HEADERS
| # include <stdlib.h>
| # include <stddef.h>
| #else
| # ifdef HAVE_STDLIB_H
| #  include <stdlib.h>
| # endif
| #endif
| #ifdef HAVE_STRING_H
| # if !defined STDC_HEADERS && defined HAVE_MEMORY_H
| #  include <memory.h>
| # endif
| # include <string.h>
| #endif
| #ifdef HAVE_STRINGS_H
| # include <strings.h>
| #endif
| #ifdef HAVE_INTTYPES_H
| # include <inttypes.h>
| #endif
| #ifdef HAVE_STDINT_H
| # include <stdint.h>
| #endif
| #ifdef HAVE_UNISTD_H
| # include <unistd.h>
| #endif
| int
| main ()
| {
| static int test_array [1 - 2 * !(0 < (long int) ((((long int) 1 << (32 - 2)) - 1) * 2 + 1))];
| test_array [0] = 0
| 
|   ;
|   return 0;
| }
configure:3778: gcc -c -Wall -D_FORTIFY_SOURCE=2 conftest.c >&5
conftest.c: In function 'main':
conftest.c:58:12: warning: variable 'test_array' set but not used [-Wunused-but-set-variable]
 static int test_array [1 - 2 * !(0 < (long long int) ((((long long int) 1 << (32 - 2)) - 1) * 2 + 1))];
            ^
configure:3784: $? = 0
configure: failed program was:
| /* confdefs.h.  */
| #define PACKAGE_NAME "spamdyke"
| #define PACKAGE_TARNAME "-spamdyke-"
| #define PACKAGE_VERSION "4.3.1"
| #define PACKAGE_STRING "spamdyke 4.3.1"
| #define PACKAGE_BUGREPORT "samc (at) silence (dot) org"
| #define STDC_HEADERS 1
| #define HAVE_SYS_TYPES_H 1
| #define HAVE_SYS_STAT_H 1
| #define HAVE_STDLIB_H 1
| #define HAVE_STRING_H 1
| #define HAVE_MEMORY_H 1
| #define HAVE_STRINGS_H 1
| #define HAVE_INTTYPES_H 1
| #define HAVE_STDINT_H 1
| #define HAVE_UNISTD_H 1
| #define HAVE_STDINT_H 1
| #define HAVE_SYS_TYPES_H 1
| #define HAVE_STDINT_H 1
| #define TIME_WITH_SYS_TIME 1
| /* end confdefs.h.  */
| #include <stdio.h>
| #ifdef HAVE_SYS_TYPES_H
| # include <sys/types.h>
| #endif
| #ifdef HAVE_SYS_STAT_H
| # include <sys/stat.h>
| #endif
| #ifdef STDC_HEADERS
| # include <stdlib.h>
| # include <stddef.h>
| #else
| # ifdef HAVE_STDLIB_H
| #  include <stdlib.h>
| # endif
| #endif
| #ifdef HAVE_STRING_H
| # if !defined STDC_HEADERS && defined HAVE_MEMORY_H
| #  include <memory.h>
| # endif
| # include <string.h>
| #endif
| #ifdef HAVE_STRINGS_H
| # include <strings.h>
| #endif
| #ifdef HAVE_INTTYPES_H
| # include <inttypes.h>
| #endif
| #ifdef HAVE_STDINT_H
| # include <stdint.h>
| #endif
| #ifdef HAVE_UNISTD_H
| # include <unistd.h>
| #endif
| int
| main ()
| {
| static int test_array [1 - 2 * !(0 < (long long int) ((((long long int) 1 << (32 - 2)) - 1) * 2 + 1))];
| test_array [0] = 0
| 
|   ;
|   return 0;
| }
configure:3778: gcc -c -Wall -D_FORTIFY_SOURCE=2 conftest.c >&5
conftest.c: In function 'main':
conftest.c:58:12: error: size of array 'test_array' is negative
 static int test_array [1 - 2 * !(0 < (short int) ((((short int) 1 << (32 - 2)) - 1) * 2 + 1))];
            ^
conftest.c:58:12: warning: variable 'test_array' set but not used [-Wunused-but-set-variable]
configure:3784: $? = 1
configure: failed program was:
| /* confdefs.h.  */
| #define PACKAGE_NAME "spamdyke"
| #define PACKAGE_TARNAME "-spamdyke-"
| #define PACKAGE_VERSION "4.3.1"
| #define PACKAGE_STRING "spamdyke 4.3.1"
| #define PACKAGE_BUGREPORT "samc (at) silence (dot) org"
| #define STDC_HEADERS 1
| #define HAVE_SYS_TYPES_H 1
| #define HAVE_SYS_STAT_H 1
| #define HAVE_STDLIB_H 1
| #define HAVE_STRING_H 1
| #define HAVE_MEMORY_H 1
| #define HAVE_STRINGS_H 1
| #define HAVE_INTTYPES_H 1
| #define HAVE_STDINT_H 1
| #define HAVE_UNISTD_H 1
| #define HAVE_STDINT_H 1
| #define HAVE_SYS_TYPES_H 1
| #define HAVE_STDINT_H 1
| #define TIME_WITH_SYS_TIME 1
| /* end confdefs.h.  */
| #include <stdio.h>
| #ifdef HAVE_SYS_TYPES_H
| # include <sys/types.h>
| #endif
| #ifdef HAVE_SYS_STAT_H
| # include <sys/stat.h>
| #endif
| #ifdef STDC_HEADERS
| # include <stdlib.h>
| # include <stddef.h>
| #else
| # ifdef HAVE_STDLIB_H
| #  include <stdlib.h>
| # endif
| #endif
| #ifdef HAVE_STRING_H
| # if !defined STDC_HEADERS && defined HAVE_MEMORY_H
| #  include <memory.h>
| # endif
| # include <string.h>
| #endif
| #ifdef HAVE_STRINGS_H
| # include <strings.h>
| #endif
| #ifdef HAVE_INTTYPES_H
| # include <inttypes.h>
| #endif
| #ifdef HAVE_STDINT_H
| # include <stdint.h>
| #endif
| #ifdef HAVE_UNISTD_H
| # include <unistd.h>
| #endif
| int
| main ()
| {
| static int test_array [1 - 2 * !(0 < (short int) ((((short int) 1 << (32 - 2)) - 1) * 2 + 1))];
| test_array [0] = 0
| 
|   ;
|   return 0;
| }
configure:3778: gcc -c -Wall -D_FORTIFY_SOURCE=2 conftest.c >&5
conftest.c: In function 'main':
conftest.c:58:12: error: size of array 'test_array' is negative
 static int test_array [1 - 2 * !(0 < (signed char) ((((signed char) 1 << (32 - 2)) - 1) * 2 + 1))];
            ^
conftest.c:58:12: warning: variable 'test_array' set but not used [-Wunused-but-set-variable]
configure:3784: $? = 1
configure: failed program was:
| /* confdefs.h.  */
| #define PACKAGE_NAME "spamdyke"
| #define PACKAGE_TARNAME "-spamdyke-"
| #define PACKAGE_VERSION "4.3.1"
| #define PACKAGE_STRING "spamdyke 4.3.1"
| #define PACKAGE_BUGREPORT "samc (at) silence (dot) org"
| #define STDC_HEADERS 1
| #define HAVE_SYS_TYPES_H 1
| #define HAVE_SYS_STAT_H 1
| #define HAVE_STDLIB_H 1
| #define HAVE_STRING_H 1
| #define HAVE_MEMORY_H 1
| #define HAVE_STRINGS_H 1
| #define HAVE_INTTYPES_H 1
| #define HAVE_STDINT_H 1
| #define HAVE_UNISTD_H 1
| #define HAVE_STDINT_H 1
| #define HAVE_SYS_TYPES_H 1
| #define HAVE_STDINT_H 1
| #define TIME_WITH_SYS_TIME 1
| /* end confdefs.h.  */
| #include <stdio.h>
| #ifdef HAVE_SYS_TYPES_H
| # include <sys/types.h>
| #endif
| #ifdef HAVE_SYS_STAT_H
| # include <sys/stat.h>
| #endif
| #ifdef STDC_HEADERS
| # include <stdlib.h>
| # include <stddef.h>
| #else
| # ifdef HAVE_STDLIB_H
| #  include <stdlib.h>
| # endif
| #endif
| #ifdef HAVE_STRING_H
| # if !defined STDC_HEADERS && defined HAVE_MEMORY_H
| #  include <memory.h>
| # endif
| # include <string.h>
| #endif
| #ifdef HAVE_STRINGS_H
| # include <strings.h>
| #endif
| #ifdef HAVE_INTTYPES_H
| # include <inttypes.h>
| #endif
| #ifdef HAVE_STDINT_H
| # include <stdint.h>
| #endif
| #ifdef HAVE_UNISTD_H
| # include <unistd.h>
| #endif
| int
| main ()
| {
| static int test_array [1 - 2 * !(0 < (signed char) ((((signed char) 1 << (32 - 2)) - 1) * 2 + 1))];
| test_array [0] = 0
| 
|   ;
|   return 0;
| }
configure:3848: result: no
configure:3861: checking for int64_t
configure:3892: gcc -c -Wall -D_FORTIFY_SOURCE=2 conftest.c >&5
conftest.c: In function 'main':
conftest.c:58:12: warning: variable 'test_array' set but not used [-Wunused-but-set-variable]
 static int test_array [1 - 2 * !(0 < (int64_t) ((((int64_t) 1 << (64 - 2)) - 1) * 2 + 1))];
            ^
configure:3898: $? = 0
configure: failed program was:
| /* confdefs.h.  */
| #define PACKAGE_NAME "spamdyke"
| #define PACKAGE_TARNAME "-spamdyke-"
| #define PACKAGE_VERSION "4.3.1"
| #define PACKAGE_STRING "spamdyke 4.3.1"
| #define PACKAGE_BUGREPORT "samc (at) silence (dot) org"
| #define STDC_HEADERS 1
| #define HAVE_SYS_TYPES_H 1
| #define HAVE_SYS_STAT_H 1
| #define HAVE_STDLIB_H 1
| #define HAVE_STRING_H 1
| #define HAVE_MEMORY_H 1
| #define HAVE_STRINGS_H 1
| #define HAVE_INTTYPES_H 1
| #define HAVE_STDINT_H 1
| #define HAVE_UNISTD_H 1
| #define HAVE_STDINT_H 1
| #define HAVE_SYS_TYPES_H 1
| #define HAVE_STDINT_H 1
| #define TIME_WITH_SYS_TIME 1
| /* end confdefs.h.  */
| #include <stdio.h>
| #ifdef HAVE_SYS_TYPES_H
| # include <sys/types.h>
| #endif
| #ifdef HAVE_SYS_STAT_H
| # include <sys/stat.h>
| #endif
| #ifdef STDC_HEADERS
| # include <stdlib.h>
| # include <stddef.h>
| #else
| # ifdef HAVE_STDLIB_H
| #  include <stdlib.h>
| # endif
| #endif
| #ifdef HAVE_STRING_H
| # if !defined STDC_HEADERS && defined HAVE_MEMORY_H
| #  include <memory.h>
| # endif
| # include <string.h>
| #endif
| #ifdef HAVE_STRINGS_H
| # include <strings.h>
| #endif
| #ifdef HAVE_INTTYPES_H
| # include <inttypes.h>
| #endif
| #ifdef HAVE_STDINT_H
| # include <stdint.h>
| #endif
| #ifdef HAVE_UNISTD_H
| # include <unistd.h>
| #endif
| int
| main ()
| {
| static int test_array [1 - 2 * !(0 < (int64_t) ((((int64_t) 1 << (64 - 2)) - 1) * 2 + 1))];
| test_array [0] = 0
| 
|   ;
|   return 0;
| }
configure:3892: gcc -c -Wall -D_FORTIFY_SOURCE=2 conftest.c >&5
conftest.c: In function 'main':
conftest.c:58:1: warning: left shift count >= width of type
 static int test_array [1 - 2 * !(0 < (int) ((((int) 1 << (64 - 2)) - 1) * 2 + 1))];
 ^
conftest.c:58:12: error: storage size of 'test_array' isn't constant
 static int test_array [1 - 2 * !(0 < (int) ((((int) 1 << (64 - 2)) - 1) * 2 + 1))];
            ^
conftest.c:58:12: warning: unused variable 'test_array' [-Wunused-variable]
configure:3898: $? = 1
configure: failed program was:
| /* confdefs.h.  */
| #define PACKAGE_NAME "spamdyke"
| #define PACKAGE_TARNAME "-spamdyke-"
| #define PACKAGE_VERSION "4.3.1"
| #define PACKAGE_STRING "spamdyke 4.3.1"
| #define PACKAGE_BUGREPORT "samc (at) silence (dot) org"
| #define STDC_HEADERS 1
| #define HAVE_SYS_TYPES_H 1
| #define HAVE_SYS_STAT_H 1
| #define HAVE_STDLIB_H 1
| #define HAVE_STRING_H 1
| #define HAVE_MEMORY_H 1
| #define HAVE_STRINGS_H 1
| #define HAVE_INTTYPES_H 1
| #define HAVE_STDINT_H 1
| #define HAVE_UNISTD_H 1
| #define HAVE_STDINT_H 1
| #define HAVE_SYS_TYPES_H 1
| #define HAVE_STDINT_H 1
| #define TIME_WITH_SYS_TIME 1
| /* end confdefs.h.  */
| #include <stdio.h>
| #ifdef HAVE_SYS_TYPES_H
| # include <sys/types.h>
| #endif
| #ifdef HAVE_SYS_STAT_H
| # include <sys/stat.h>
| #endif
| #ifdef STDC_HEADERS
| # include <stdlib.h>
| # include <stddef.h>
| #else
| # ifdef HAVE_STDLIB_H
| #  include <stdlib.h>
| # endif
| #endif
| #ifdef HAVE_STRING_H
| # if !defined STDC_HEADERS && defined HAVE_MEMORY_H
| #  include <memory.h>
| # endif
| # include <string.h>
| #endif
| #ifdef HAVE_STRINGS_H
| # include <strings.h>
| #endif
| #ifdef HAVE_INTTYPES_H
| # include <inttypes.h>
| #endif
| #ifdef HAVE_STDINT_H
| # include <stdint.h>
| #endif
| #ifdef HAVE_UNISTD_H
| # include <unistd.h>
| #endif
| int
| main ()
| {
| static int test_array [1 - 2 * !(0 < (int) ((((int) 1 << (64 - 2)) - 1) * 2 + 1))];
| test_array [0] = 0
| 
|   ;
|   return 0;
| }
configure:3892: gcc -c -Wall -D_FORTIFY_SOURCE=2 conftest.c >&5
conftest.c: In function 'main':
conftest.c:58:1: warning: left shift count >= width of type
 static int test_array [1 - 2 * !(0 < (long int) ((((long int) 1 << (64 - 2)) - 1) * 2 + 1))];
 ^
conftest.c:58:12: error: storage size of 'test_array' isn't constant
 static int test_array [1 - 2 * !(0 < (long int) ((((long int) 1 << (64 - 2)) - 1) * 2 + 1))];
            ^
conftest.c:58:12: warning: unused variable 'test_array' [-Wunused-variable]
configure:3898: $? = 1
configure: failed program was:
| /* confdefs.h.  */
| #define PACKAGE_NAME "spamdyke"
| #define PACKAGE_TARNAME "-spamdyke-"
| #define PACKAGE_VERSION "4.3.1"
| #define PACKAGE_STRING "spamdyke 4.3.1"
| #define PACKAGE_BUGREPORT "samc (at) silence (dot) org"
| #define STDC_HEADERS 1
| #define HAVE_SYS_TYPES_H 1
| #define HAVE_SYS_STAT_H 1
| #define HAVE_STDLIB_H 1
| #define HAVE_STRING_H 1
| #define HAVE_MEMORY_H 1
| #define HAVE_STRINGS_H 1
| #define HAVE_INTTYPES_H 1
| #define HAVE_STDINT_H 1
| #define HAVE_UNISTD_H 1
| #define HAVE_STDINT_H 1
| #define HAVE_SYS_TYPES_H 1
| #define HAVE_STDINT_H 1
| #define TIME_WITH_SYS_TIME 1
| /* end confdefs.h.  */
| #include <stdio.h>
| #ifdef HAVE_SYS_TYPES_H
| # include <sys/types.h>
| #endif
| #ifdef HAVE_SYS_STAT_H
| # include <sys/stat.h>
| #endif
| #ifdef STDC_HEADERS
| # include <stdlib.h>
| # include <stddef.h>
| #else
| # ifdef HAVE_STDLIB_H
| #  include <stdlib.h>
| # endif
| #endif
| #ifdef HAVE_STRING_H
| # if !defined STDC_HEADERS && defined HAVE_MEMORY_H
| #  include <memory.h>
| # endif
| # include <string.h>
| #endif
| #ifdef HAVE_STRINGS_H
| # include <strings.h>
| #endif
| #ifdef HAVE_INTTYPES_H
| # include <inttypes.h>
| #endif
| #ifdef HAVE_STDINT_H
| # include <stdint.h>
| #endif
| #ifdef HAVE_UNISTD_H
| # include <unistd.h>
| #endif
| int
| main ()
| {
| static int test_array [1 - 2 * !(0 < (long int) ((((long int) 1 << (64 - 2)) - 1) * 2 + 1))];
| test_array [0] = 0
| 
|   ;
|   return 0;
| }
configure:3892: gcc -c -Wall -D_FORTIFY_SOURCE=2 conftest.c >&5
conftest.c: In function 'main':
conftest.c:58:12: warning: variable 'test_array' set but not used [-Wunused-but-set-variable]
 static int test_array [1 - 2 * !(0 < (long long int) ((((long long int) 1 << (64 - 2)) - 1) * 2 + 1))];
            ^
configure:3898: $? = 0
configure: failed program was:
| /* confdefs.h.  */
| #define PACKAGE_NAME "spamdyke"
| #define PACKAGE_TARNAME "-spamdyke-"
| #define PACKAGE_VERSION "4.3.1"
| #define PACKAGE_STRING "spamdyke 4.3.1"
| #define PACKAGE_BUGREPORT "samc (at) silence (dot) org"
| #define STDC_HEADERS 1
| #define HAVE_SYS_TYPES_H 1
| #define HAVE_SYS_STAT_H 1
| #define HAVE_STDLIB_H 1
| #define HAVE_STRING_H 1
| #define HAVE_MEMORY_H 1
| #define HAVE_STRINGS_H 1
| #define HAVE_INTTYPES_H 1
| #define HAVE_STDINT_H 1
| #define HAVE_UNISTD_H 1
| #define HAVE_STDINT_H 1
| #define HAVE_SYS_TYPES_H 1
| #define HAVE_STDINT_H 1
| #define TIME_WITH_SYS_TIME 1
| /* end confdefs.h.  */
| #include <stdio.h>
| #ifdef HAVE_SYS_TYPES_H
| # include <sys/types.h>
| #endif
| #ifdef HAVE_SYS_STAT_H
| # include <sys/stat.h>
| #endif
| #ifdef STDC_HEADERS
| # include <stdlib.h>
| # include <stddef.h>
| #else
| # ifdef HAVE_STDLIB_H
| #  include <stdlib.h>
| # endif
| #endif
| #ifdef HAVE_STRING_H
| # if !defined STDC_HEADERS && defined HAVE_MEMORY_H
| #  include <memory.h>
| # endif
| # include <string.h>
| #endif
| #ifdef HAVE_STRINGS_H
| # include <strings.h>
| #endif
| #ifdef HAVE_INTTYPES_H
| # include <inttypes.h>
| #endif
| #ifdef HAVE_STDINT_H
| # include <stdint.h>
| #endif
| #ifdef HAVE_UNISTD_H
| # include <unistd.h>
| #endif
| int
| main ()
| {
| static int test_array [1 - 2 * !(0 < (long long int) ((((long long int) 1 << (64 - 2)) - 1) * 2 + 1))];
| test_array [0] = 0
| 
|   ;
|   return 0;
| }
configure:3892: gcc -c -Wall -D_FORTIFY_SOURCE=2 conftest.c >&5
conftest.c: In function 'main':
conftest.c:58:1: warning: left shift count >= width of type
 static int test_array [1 - 2 * !(0 < (short int) ((((short int) 1 << (64 - 2)) - 1) * 2 + 1))];
 ^
conftest.c:58:12: error: storage size of 'test_array' isn't constant
 static int test_array [1 - 2 * !(0 < (short int) ((((short int) 1 << (64 - 2)) - 1) * 2 + 1))];
            ^
conftest.c:58:12: warning: unused variable 'test_array' [-Wunused-variable]
configure:3898: $? = 1
configure: failed program was:
| /* confdefs.h.  */
| #define PACKAGE_NAME "spamdyke"
| #define PACKAGE_TARNAME "-spamdyke-"
| #define PACKAGE_VERSION "4.3.1"
| #define PACKAGE_STRING "spamdyke 4.3.1"
| #define PACKAGE_BUGREPORT "samc (at) silence (dot) org"
| #define STDC_HEADERS 1
| #define HAVE_SYS_TYPES_H 1
| #define HAVE_SYS_STAT_H 1
| #define HAVE_STDLIB_H 1
| #define HAVE_STRING_H 1
| #define HAVE_MEMORY_H 1
| #define HAVE_STRINGS_H 1
| #define HAVE_INTTYPES_H 1
| #define HAVE_STDINT_H 1
| #define HAVE_UNISTD_H 1
| #define HAVE_STDINT_H 1
| #define HAVE_SYS_TYPES_H 1
| #define HAVE_STDINT_H 1
| #define TIME_WITH_SYS_TIME 1
| /* end confdefs.h.  */
| #include <stdio.h>
| #ifdef HAVE_SYS_TYPES_H
| # include <sys/types.h>
| #endif
| #ifdef HAVE_SYS_STAT_H
| # include <sys/stat.h>
| #endif
| #ifdef STDC_HEADERS
| # include <stdlib.h>
| # include <stddef.h>
| #else
| # ifdef HAVE_STDLIB_H
| #  include <stdlib.h>
| # endif
| #endif
| #ifdef HAVE_STRING_H
| # if !defined STDC_HEADERS && defined HAVE_MEMORY_H
| #  include <memory.h>
| # endif
| # include <string.h>
| #endif
| #ifdef HAVE_STRINGS_H
| # include <strings.h>
| #endif
| #ifdef HAVE_INTTYPES_H
| # include <inttypes.h>
| #endif
| #ifdef HAVE_STDINT_H
| # include <stdint.h>
| #endif
| #ifdef HAVE_UNISTD_H
| # include <unistd.h>
| #endif
| int
| main ()
| {
| static int test_array [1 - 2 * !(0 < (short int) ((((short int) 1 << (64 - 2)) - 1) * 2 + 1))];
| test_array [0] = 0
| 
|   ;
|   return 0;
| }
configure:3892: gcc -c -Wall -D_FORTIFY_SOURCE=2 conftest.c >&5
conftest.c: In function 'main':
conftest.c:58:1: warning: left shift count >= width of type
 static int test_array [1 - 2 * !(0 < (signed char) ((((signed char) 1 << (64 - 2)) - 1) * 2 + 1))];
 ^
conftest.c:58:12: error: storage size of 'test_array' isn't constant
 static int test_array [1 - 2 * !(0 < (signed char) ((((signed char) 1 << (64 - 2)) - 1) * 2 + 1))];
            ^
conftest.c:58:12: warning: unused variable 'test_array' [-Wunused-variable]
configure:3898: $? = 1
configure: failed program was:
| /* confdefs.h.  */
| #define PACKAGE_NAME "spamdyke"
| #define PACKAGE_TARNAME "-spamdyke-"
| #define PACKAGE_VERSION "4.3.1"
| #define PACKAGE_STRING "spamdyke 4.3.1"
| #define PACKAGE_BUGREPORT "samc (at) silence (dot) org"
| #define STDC_HEADERS 1
| #define HAVE_SYS_TYPES_H 1
| #define HAVE_SYS_STAT_H 1
| #define HAVE_STDLIB_H 1
| #define HAVE_STRING_H 1
| #define HAVE_MEMORY_H 1
| #define HAVE_STRINGS_H 1
| #define HAVE_INTTYPES_H 1
| #define HAVE_STDINT_H 1
| #define HAVE_UNISTD_H 1
| #define HAVE_STDINT_H 1
| #define HAVE_SYS_TYPES_H 1
| #define HAVE_STDINT_H 1
| #define TIME_WITH_SYS_TIME 1
| /* end confdefs.h.  */
| #include <stdio.h>
| #ifdef HAVE_SYS_TYPES_H
| # include <sys/types.h>
| #endif
| #ifdef HAVE_SYS_STAT_H
| # include <sys/stat.h>
| #endif
| #ifdef STDC_HEADERS
| # include <stdlib.h>
| # include <stddef.h>
| #else
| # ifdef HAVE_STDLIB_H
| #  include <stdlib.h>
| # endif
| #endif
| #ifdef HAVE_STRING_H
| # if !defined STDC_HEADERS && defined HAVE_MEMORY_H
| #  include <memory.h>
| # endif
| # include <string.h>
| #endif
| #ifdef HAVE_STRINGS_H
| # include <strings.h>
| #endif
| #ifdef HAVE_INTTYPES_H
| # include <inttypes.h>
| #endif
| #ifdef HAVE_STDINT_H
| # include <stdint.h>
| #endif
| #ifdef HAVE_UNISTD_H
| # include <unistd.h>
| #endif
| int
| main ()
| {
| static int test_array [1 - 2 * !(0 < (signed char) ((((signed char) 1 << (64 - 2)) - 1) * 2 + 1))];
| test_array [0] = 0
| 
|   ;
|   return 0;
| }
configure:3962: result: no
configure:3975: checking for uint16_t
configure:4006: gcc -c -Wall -D_FORTIFY_SOURCE=2 conftest.c >&5
conftest.c: In function 'main':
conftest.c:58:12: warning: variable 'test_array' set but not used [-Wunused-but-set-variable]
 static int test_array [1 - 2 * !((uint16_t) -1 >> (16 - 1) == 1)];
            ^
configure:4012: $? = 0
configure: failed program was:
| /* confdefs.h.  */
| #define PACKAGE_NAME "spamdyke"
| #define PACKAGE_TARNAME "-spamdyke-"
| #define PACKAGE_VERSION "4.3.1"
| #define PACKAGE_STRING "spamdyke 4.3.1"
| #define PACKAGE_BUGREPORT "samc (at) silence (dot) org"
| #define STDC_HEADERS 1
| #define HAVE_SYS_TYPES_H 1
| #define HAVE_SYS_STAT_H 1
| #define HAVE_STDLIB_H 1
| #define HAVE_STRING_H 1
| #define HAVE_MEMORY_H 1
| #define HAVE_STRINGS_H 1
| #define HAVE_INTTYPES_H 1
| #define HAVE_STDINT_H 1
| #define HAVE_UNISTD_H 1
| #define HAVE_STDINT_H 1
| #define HAVE_SYS_TYPES_H 1
| #define HAVE_STDINT_H 1
| #define TIME_WITH_SYS_TIME 1
| /* end confdefs.h.  */
| #include <stdio.h>
| #ifdef HAVE_SYS_TYPES_H
| # include <sys/types.h>
| #endif
| #ifdef HAVE_SYS_STAT_H
| # include <sys/stat.h>
| #endif
| #ifdef STDC_HEADERS
| # include <stdlib.h>
| # include <stddef.h>
| #else
| # ifdef HAVE_STDLIB_H
| #  include <stdlib.h>
| # endif
| #endif
| #ifdef HAVE_STRING_H
| # if !defined STDC_HEADERS && defined HAVE_MEMORY_H
| #  include <memory.h>
| # endif
| # include <string.h>
| #endif
| #ifdef HAVE_STRINGS_H
| # include <strings.h>
| #endif
| #ifdef HAVE_INTTYPES_H
| # include <inttypes.h>
| #endif
| #ifdef HAVE_STDINT_H
| # include <stdint.h>
| #endif
| #ifdef HAVE_UNISTD_H
| # include <unistd.h>
| #endif
| int
| main ()
| {
| static int test_array [1 - 2 * !((uint16_t) -1 >> (16 - 1) == 1)];
| test_array [0] = 0
| 
|   ;
|   return 0;
| }
configure:4006: gcc -c -Wall -D_FORTIFY_SOURCE=2 conftest.c >&5
conftest.c: In function 'main':
conftest.c:58:12: error: size of array 'test_array' is negative
 static int test_array [1 - 2 * !((unsigned int) -1 >> (16 - 1) == 1)];
            ^
conftest.c:58:12: warning: variable 'test_array' set but not used [-Wunused-but-set-variable]
configure:4012: $? = 1
configure: failed program was:
| /* confdefs.h.  */
| #define PACKAGE_NAME "spamdyke"
| #define PACKAGE_TARNAME "-spamdyke-"
| #define PACKAGE_VERSION "4.3.1"
| #define PACKAGE_STRING "spamdyke 4.3.1"
| #define PACKAGE_BUGREPORT "samc (at) silence (dot) org"
| #define STDC_HEADERS 1
| #define HAVE_SYS_TYPES_H 1
| #define HAVE_SYS_STAT_H 1
| #define HAVE_STDLIB_H 1
| #define HAVE_STRING_H 1
| #define HAVE_MEMORY_H 1
| #define HAVE_STRINGS_H 1
| #define HAVE_INTTYPES_H 1
| #define HAVE_STDINT_H 1
| #define HAVE_UNISTD_H 1
| #define HAVE_STDINT_H 1
| #define HAVE_SYS_TYPES_H 1
| #define HAVE_STDINT_H 1
| #define TIME_WITH_SYS_TIME 1
| /* end confdefs.h.  */
| #include <stdio.h>
| #ifdef HAVE_SYS_TYPES_H
| # include <sys/types.h>
| #endif
| #ifdef HAVE_SYS_STAT_H
| # include <sys/stat.h>
| #endif
| #ifdef STDC_HEADERS
| # include <stdlib.h>
| # include <stddef.h>
| #else
| # ifdef HAVE_STDLIB_H
| #  include <stdlib.h>
| # endif
| #endif
| #ifdef HAVE_STRING_H
| # if !defined STDC_HEADERS && defined HAVE_MEMORY_H
| #  include <memory.h>
| # endif
| # include <string.h>
| #endif
| #ifdef HAVE_STRINGS_H
| # include <strings.h>
| #endif
| #ifdef HAVE_INTTYPES_H
| # include <inttypes.h>
| #endif
| #ifdef HAVE_STDINT_H
| # include <stdint.h>
| #endif
| #ifdef HAVE_UNISTD_H
| # include <unistd.h>
| #endif
| int
| main ()
| {
| static int test_array [1 - 2 * !((unsigned int) -1 >> (16 - 1) == 1)];
| test_array [0] = 0
| 
|   ;
|   return 0;
| }
configure:4006: gcc -c -Wall -D_FORTIFY_SOURCE=2 conftest.c >&5
conftest.c: In function 'main':
conftest.c:58:12: error: size of array 'test_array' is negative
 static int test_array [1 - 2 * !((unsigned long int) -1 >> (16 - 1) == 1)];
            ^
conftest.c:58:12: warning: variable 'test_array' set but not used [-Wunused-but-set-variable]
configure:4012: $? = 1
configure: failed program was:
| /* confdefs.h.  */
| #define PACKAGE_NAME "spamdyke"
| #define PACKAGE_TARNAME "-spamdyke-"
| #define PACKAGE_VERSION "4.3.1"
| #define PACKAGE_STRING "spamdyke 4.3.1"
| #define PACKAGE_BUGREPORT "samc (at) silence (dot) org"
| #define STDC_HEADERS 1
| #define HAVE_SYS_TYPES_H 1
| #define HAVE_SYS_STAT_H 1
| #define HAVE_STDLIB_H 1
| #define HAVE_STRING_H 1
| #define HAVE_MEMORY_H 1
| #define HAVE_STRINGS_H 1
| #define HAVE_INTTYPES_H 1
| #define HAVE_STDINT_H 1
| #define HAVE_UNISTD_H 1
| #define HAVE_STDINT_H 1
| #define HAVE_SYS_TYPES_H 1
| #define HAVE_STDINT_H 1
| #define TIME_WITH_SYS_TIME 1
| /* end confdefs.h.  */
| #include <stdio.h>
| #ifdef HAVE_SYS_TYPES_H
| # include <sys/types.h>
| #endif
| #ifdef HAVE_SYS_STAT_H
| # include <sys/stat.h>
| #endif
| #ifdef STDC_HEADERS
| # include <stdlib.h>
| # include <stddef.h>
| #else
| # ifdef HAVE_STDLIB_H
| #  include <stdlib.h>
| # endif
| #endif
| #ifdef HAVE_STRING_H
| # if !defined STDC_HEADERS && defined HAVE_MEMORY_H
| #  include <memory.h>
| # endif
| # include <string.h>
| #endif
| #ifdef HAVE_STRINGS_H
| # include <strings.h>
| #endif
| #ifdef HAVE_INTTYPES_H
| # include <inttypes.h>
| #endif
| #ifdef HAVE_STDINT_H
| # include <stdint.h>
| #endif
| #ifdef HAVE_UNISTD_H
| # include <unistd.h>
| #endif
| int
| main ()
| {
| static int test_array [1 - 2 * !((unsigned long int) -1 >> (16 - 1) == 1)];
| test_array [0] = 0
| 
|   ;
|   return 0;
| }
configure:4006: gcc -c -Wall -D_FORTIFY_SOURCE=2 conftest.c >&5
conftest.c: In function 'main':
conftest.c:58:12: error: size of array 'test_array' is negative
 static int test_array [1 - 2 * !((unsigned long long int) -1 >> (16 - 1) == 1)];
            ^
conftest.c:58:12: warning: variable 'test_array' set but not used [-Wunused-but-set-variable]
configure:4012: $? = 1
configure: failed program was:
| /* confdefs.h.  */
| #define PACKAGE_NAME "spamdyke"
| #define PACKAGE_TARNAME "-spamdyke-"
| #define PACKAGE_VERSION "4.3.1"
| #define PACKAGE_STRING "spamdyke 4.3.1"
| #define PACKAGE_BUGREPORT "samc (at) silence (dot) org"
| #define STDC_HEADERS 1
| #define HAVE_SYS_TYPES_H 1
| #define HAVE_SYS_STAT_H 1
| #define HAVE_STDLIB_H 1
| #define HAVE_STRING_H 1
| #define HAVE_MEMORY_H 1
| #define HAVE_STRINGS_H 1
| #define HAVE_INTTYPES_H 1
| #define HAVE_STDINT_H 1
| #define HAVE_UNISTD_H 1
| #define HAVE_STDINT_H 1
| #define HAVE_SYS_TYPES_H 1
| #define HAVE_STDINT_H 1
| #define TIME_WITH_SYS_TIME 1
| /* end confdefs.h.  */
| #include <stdio.h>
| #ifdef HAVE_SYS_TYPES_H
| # include <sys/types.h>
| #endif
| #ifdef HAVE_SYS_STAT_H
| # include <sys/stat.h>
| #endif
| #ifdef STDC_HEADERS
| # include <stdlib.h>
| # include <stddef.h>
| #else
| # ifdef HAVE_STDLIB_H
| #  include <stdlib.h>
| # endif
| #endif
| #ifdef HAVE_STRING_H
| # if !defined STDC_HEADERS && defined HAVE_MEMORY_H
| #  include <memory.h>
| # endif
| # include <string.h>
| #endif
| #ifdef HAVE_STRINGS_H
| # include <strings.h>
| #endif
| #ifdef HAVE_INTTYPES_H
| # include <inttypes.h>
| #endif
| #ifdef HAVE_STDINT_H
| # include <stdint.h>
| #endif
| #ifdef HAVE_UNISTD_H
| # include <unistd.h>
| #endif
| int
| main ()
| {
| static int test_array [1 - 2 * !((unsigned long long int) -1 >> (16 - 1) == 1)];
| test_array [0] = 0
| 
|   ;
|   return 0;
| }
configure:4006: gcc -c -Wall -D_FORTIFY_SOURCE=2 conftest.c >&5
conftest.c: In function 'main':
conftest.c:58:12: warning: variable 'test_array' set but not used [-Wunused-but-set-variable]
 static int test_array [1 - 2 * !((unsigned short int) -1 >> (16 - 1) == 1)];
            ^
configure:4012: $? = 0
configure: failed program was:
| /* confdefs.h.  */
| #define PACKAGE_NAME "spamdyke"
| #define PACKAGE_TARNAME "-spamdyke-"
| #define PACKAGE_VERSION "4.3.1"
| #define PACKAGE_STRING "spamdyke 4.3.1"
| #define PACKAGE_BUGREPORT "samc (at) silence (dot) org"
| #define STDC_HEADERS 1
| #define HAVE_SYS_TYPES_H 1
| #define HAVE_SYS_STAT_H 1
| #define HAVE_STDLIB_H 1
| #define HAVE_STRING_H 1
| #define HAVE_MEMORY_H 1
| #define HAVE_STRINGS_H 1
| #define HAVE_INTTYPES_H 1
| #define HAVE_STDINT_H 1
| #define HAVE_UNISTD_H 1
| #define HAVE_STDINT_H 1
| #define HAVE_SYS_TYPES_H 1
| #define HAVE_STDINT_H 1
| #define TIME_WITH_SYS_TIME 1
| /* end confdefs.h.  */
| #include <stdio.h>
| #ifdef HAVE_SYS_TYPES_H
| # include <sys/types.h>
| #endif
| #ifdef HAVE_SYS_STAT_H
| # include <sys/stat.h>
| #endif
| #ifdef STDC_HEADERS
| # include <stdlib.h>
| # include <stddef.h>
| #else
| # ifdef HAVE_STDLIB_H
| #  include <stdlib.h>
| # endif
| #endif
| #ifdef HAVE_STRING_H
| # if !defined STDC_HEADERS && defined HAVE_MEMORY_H
| #  include <memory.h>
| # endif
| # include <string.h>
| #endif
| #ifdef HAVE_STRINGS_H
| # include <strings.h>
| #endif
| #ifdef HAVE_INTTYPES_H
| # include <inttypes.h>
| #endif
| #ifdef HAVE_STDINT_H
| # include <stdint.h>
| #endif
| #ifdef HAVE_UNISTD_H
| # include <unistd.h>
| #endif
| int
| main ()
| {
| static int test_array [1 - 2 * !((unsigned short int) -1 >> (16 - 1) == 1)];
| test_array [0] = 0
| 
|   ;
|   return 0;
| }
configure:4006: gcc -c -Wall -D_FORTIFY_SOURCE=2 conftest.c >&5
conftest.c: In function 'main':
conftest.c:58:12: error: size of array 'test_array' is negative
 static int test_array [1 - 2 * !((unsigned char) -1 >> (16 - 1) == 1)];
            ^
conftest.c:58:12: warning: variable 'test_array' set but not used [-Wunused-but-set-variable]
configure:4012: $? = 1
configure: failed program was:
| /* confdefs.h.  */
| #define PACKAGE_NAME "spamdyke"
| #define PACKAGE_TARNAME "-spamdyke-"
| #define PACKAGE_VERSION "4.3.1"
| #define PACKAGE_STRING "spamdyke 4.3.1"
| #define PACKAGE_BUGREPORT "samc (at) silence (dot) org"
| #define STDC_HEADERS 1
| #define HAVE_SYS_TYPES_H 1
| #define HAVE_SYS_STAT_H 1
| #define HAVE_STDLIB_H 1
| #define HAVE_STRING_H 1
| #define HAVE_MEMORY_H 1
| #define HAVE_STRINGS_H 1
| #define HAVE_INTTYPES_H 1
| #define HAVE_STDINT_H 1
| #define HAVE_UNISTD_H 1
| #define HAVE_STDINT_H 1
| #define HAVE_SYS_TYPES_H 1
| #define HAVE_STDINT_H 1
| #define TIME_WITH_SYS_TIME 1
| /* end confdefs.h.  */
| #include <stdio.h>
| #ifdef HAVE_SYS_TYPES_H
| # include <sys/types.h>
| #endif
| #ifdef HAVE_SYS_STAT_H
| # include <sys/stat.h>
| #endif
| #ifdef STDC_HEADERS
| # include <stdlib.h>
| # include <stddef.h>
| #else
| # ifdef HAVE_STDLIB_H
| #  include <stdlib.h>
| # endif
| #endif
| #ifdef HAVE_STRING_H
| # if !defined STDC_HEADERS && defined HAVE_MEMORY_H
| #  include <memory.h>
| # endif
| # include <string.h>
| #endif
| #ifdef HAVE_STRINGS_H
| # include <strings.h>
| #endif
| #ifdef HAVE_INTTYPES_H
| # include <inttypes.h>
| #endif
| #ifdef HAVE_STDINT_H
| # include <stdint.h>
| #endif
| #ifdef HAVE_UNISTD_H
| # include <unistd.h>
| #endif
| int
| main ()
| {
| static int test_array [1 - 2 * !((unsigned char) -1 >> (16 - 1) == 1)];
| test_array [0] = 0
| 
|   ;
|   return 0;
| }
configure:4033: result: no
configure:4047: checking for uint32_t
configure:4078: gcc -c -Wall -D_FORTIFY_SOURCE=2 conftest.c >&5
conftest.c: In function 'main':
conftest.c:58:12: warning: variable 'test_array' set but not used [-Wunused-but-set-variable]
 static int test_array [1 - 2 * !((uint32_t) -1 >> (32 - 1) == 1)];
            ^
configure:4084: $? = 0
configure: failed program was:
| /* confdefs.h.  */
| #define PACKAGE_NAME "spamdyke"
| #define PACKAGE_TARNAME "-spamdyke-"
| #define PACKAGE_VERSION "4.3.1"
| #define PACKAGE_STRING "spamdyke 4.3.1"
| #define PACKAGE_BUGREPORT "samc (at) silence (dot) org"
| #define STDC_HEADERS 1
| #define HAVE_SYS_TYPES_H 1
| #define HAVE_SYS_STAT_H 1
| #define HAVE_STDLIB_H 1
| #define HAVE_STRING_H 1
| #define HAVE_MEMORY_H 1
| #define HAVE_STRINGS_H 1
| #define HAVE_INTTYPES_H 1
| #define HAVE_STDINT_H 1
| #define HAVE_UNISTD_H 1
| #define HAVE_STDINT_H 1
| #define HAVE_SYS_TYPES_H 1
| #define HAVE_STDINT_H 1
| #define TIME_WITH_SYS_TIME 1
| /* end confdefs.h.  */
| #include <stdio.h>
| #ifdef HAVE_SYS_TYPES_H
| # include <sys/types.h>
| #endif
| #ifdef HAVE_SYS_STAT_H
| # include <sys/stat.h>
| #endif
| #ifdef STDC_HEADERS
| # include <stdlib.h>
| # include <stddef.h>
| #else
| # ifdef HAVE_STDLIB_H
| #  include <stdlib.h>
| # endif
| #endif
| #ifdef HAVE_STRING_H
| # if !defined STDC_HEADERS && defined HAVE_MEMORY_H
| #  include <memory.h>
| # endif
| # include <string.h>
| #endif
| #ifdef HAVE_STRINGS_H
| # include <strings.h>
| #endif
| #ifdef HAVE_INTTYPES_H
| # include <inttypes.h>
| #endif
| #ifdef HAVE_STDINT_H
| # include <stdint.h>
| #endif
| #ifdef HAVE_UNISTD_H
| # include <unistd.h>
| #endif
| int
| main ()
| {
| static int test_array [1 - 2 * !((uint32_t) -1 >> (32 - 1) == 1)];
| test_array [0] = 0
| 
|   ;
|   return 0;
| }
configure:4078: gcc -c -Wall -D_FORTIFY_SOURCE=2 conftest.c >&5
conftest.c: In function 'main':
conftest.c:58:12: warning: variable 'test_array' set but not used [-Wunused-but-set-variable]
 static int test_array [1 - 2 * !((unsigned int) -1 >> (32 - 1) == 1)];
            ^
configure:4084: $? = 0
configure: failed program was:
| /* confdefs.h.  */
| #define PACKAGE_NAME "spamdyke"
| #define PACKAGE_TARNAME "-spamdyke-"
| #define PACKAGE_VERSION "4.3.1"
| #define PACKAGE_STRING "spamdyke 4.3.1"
| #define PACKAGE_BUGREPORT "samc (at) silence (dot) org"
| #define STDC_HEADERS 1
| #define HAVE_SYS_TYPES_H 1
| #define HAVE_SYS_STAT_H 1
| #define HAVE_STDLIB_H 1
| #define HAVE_STRING_H 1
| #define HAVE_MEMORY_H 1
| #define HAVE_STRINGS_H 1
| #define HAVE_INTTYPES_H 1
| #define HAVE_STDINT_H 1
| #define HAVE_UNISTD_H 1
| #define HAVE_STDINT_H 1
| #define HAVE_SYS_TYPES_H 1
| #define HAVE_STDINT_H 1
| #define TIME_WITH_SYS_TIME 1
| /* end confdefs.h.  */
| #include <stdio.h>
| #ifdef HAVE_SYS_TYPES_H
| # include <sys/types.h>
| #endif
| #ifdef HAVE_SYS_STAT_H
| # include <sys/stat.h>
| #endif
| #ifdef STDC_HEADERS
| # include <stdlib.h>
| # include <stddef.h>
| #else
| # ifdef HAVE_STDLIB_H
| #  include <stdlib.h>
| # endif
| #endif
| #ifdef HAVE_STRING_H
| # if !defined STDC_HEADERS && defined HAVE_MEMORY_H
| #  include <memory.h>
| # endif
| # include <string.h>
| #endif
| #ifdef HAVE_STRINGS_H
| # include <strings.h>
| #endif
| #ifdef HAVE_INTTYPES_H
| # include <inttypes.h>
| #endif
| #ifdef HAVE_STDINT_H
| # include <stdint.h>
| #endif
| #ifdef HAVE_UNISTD_H
| # include <unistd.h>
| #endif
| int
| main ()
| {
| static int test_array [1 - 2 * !((unsigned int) -1 >> (32 - 1) == 1)];
| test_array [0] = 0
| 
|   ;
|   return 0;
| }
configure:4078: gcc -c -Wall -D_FORTIFY_SOURCE=2 conftest.c >&5
conftest.c: In function 'main':
conftest.c:58:12: warning: variable 'test_array' set but not used [-Wunused-but-set-variable]
 static int test_array [1 - 2 * !((unsigned long int) -1 >> (32 - 1) == 1)];
            ^
configure:4084: $? = 0
configure: failed program was:
| /* confdefs.h.  */
| #define PACKAGE_NAME "spamdyke"
| #define PACKAGE_TARNAME "-spamdyke-"
| #define PACKAGE_VERSION "4.3.1"
| #define PACKAGE_STRING "spamdyke 4.3.1"
| #define PACKAGE_BUGREPORT "samc (at) silence (dot) org"
| #define STDC_HEADERS 1
| #define HAVE_SYS_TYPES_H 1
| #define HAVE_SYS_STAT_H 1
| #define HAVE_STDLIB_H 1
| #define HAVE_STRING_H 1
| #define HAVE_MEMORY_H 1
| #define HAVE_STRINGS_H 1
| #define HAVE_INTTYPES_H 1
| #define HAVE_STDINT_H 1
| #define HAVE_UNISTD_H 1
| #define HAVE_STDINT_H 1
| #define HAVE_SYS_TYPES_H 1
| #define HAVE_STDINT_H 1
| #define TIME_WITH_SYS_TIME 1
| /* end confdefs.h.  */
| #include <stdio.h>
| #ifdef HAVE_SYS_TYPES_H
| # include <sys/types.h>
| #endif
| #ifdef HAVE_SYS_STAT_H
| # include <sys/stat.h>
| #endif
| #ifdef STDC_HEADERS
| # include <stdlib.h>
| # include <stddef.h>
| #else
| # ifdef HAVE_STDLIB_H
| #  include <stdlib.h>
| # endif
| #endif
| #ifdef HAVE_STRING_H
| # if !defined STDC_HEADERS && defined HAVE_MEMORY_H
| #  include <memory.h>
| # endif
| # include <string.h>
| #endif
| #ifdef HAVE_STRINGS_H
| # include <strings.h>
| #endif
| #ifdef HAVE_INTTYPES_H
| # include <inttypes.h>
| #endif
| #ifdef HAVE_STDINT_H
| # include <stdint.h>
| #endif
| #ifdef HAVE_UNISTD_H
| # include <unistd.h>
| #endif
| int
| main ()
| {
| static int test_array [1 - 2 * !((unsigned long int) -1 >> (32 - 1) == 1)];
| test_array [0] = 0
| 
|   ;
|   return 0;
| }
configure:4078: gcc -c -Wall -D_FORTIFY_SOURCE=2 conftest.c >&5
conftest.c: In function 'main':
conftest.c:58:12: error: size of array 'test_array' is negative
 static int test_array [1 - 2 * !((unsigned long long int) -1 >> (32 - 1) == 1)];
            ^
conftest.c:58:12: warning: variable 'test_array' set but not used [-Wunused-but-set-variable]
configure:4084: $? = 1
configure: failed program was:
| /* confdefs.h.  */
| #define PACKAGE_NAME "spamdyke"
| #define PACKAGE_TARNAME "-spamdyke-"
| #define PACKAGE_VERSION "4.3.1"
| #define PACKAGE_STRING "spamdyke 4.3.1"
| #define PACKAGE_BUGREPORT "samc (at) silence (dot) org"
| #define STDC_HEADERS 1
| #define HAVE_SYS_TYPES_H 1
| #define HAVE_SYS_STAT_H 1
| #define HAVE_STDLIB_H 1
| #define HAVE_STRING_H 1
| #define HAVE_MEMORY_H 1
| #define HAVE_STRINGS_H 1
| #define HAVE_INTTYPES_H 1
| #define HAVE_STDINT_H 1
| #define HAVE_UNISTD_H 1
| #define HAVE_STDINT_H 1
| #define HAVE_SYS_TYPES_H 1
| #define HAVE_STDINT_H 1
| #define TIME_WITH_SYS_TIME 1
| /* end confdefs.h.  */
| #include <stdio.h>
| #ifdef HAVE_SYS_TYPES_H
| # include <sys/types.h>
| #endif
| #ifdef HAVE_SYS_STAT_H
| # include <sys/stat.h>
| #endif
| #ifdef STDC_HEADERS
| # include <stdlib.h>
| # include <stddef.h>
| #else
| # ifdef HAVE_STDLIB_H
| #  include <stdlib.h>
| # endif
| #endif
| #ifdef HAVE_STRING_H
| # if !defined STDC_HEADERS && defined HAVE_MEMORY_H
| #  include <memory.h>
| # endif
| # include <string.h>
| #endif
| #ifdef HAVE_STRINGS_H
| # include <strings.h>
| #endif
| #ifdef HAVE_INTTYPES_H
| # include <inttypes.h>
| #endif
| #ifdef HAVE_STDINT_H
| # include <stdint.h>
| #endif
| #ifdef HAVE_UNISTD_H
| # include <unistd.h>
| #endif
| int
| main ()
| {
| static int test_array [1 - 2 * !((unsigned long long int) -1 >> (32 - 1) == 1)];
| test_array [0] = 0
| 
|   ;
|   return 0;
| }
configure:4078: gcc -c -Wall -D_FORTIFY_SOURCE=2 conftest.c >&5
conftest.c: In function 'main':
conftest.c:58:12: error: size of array 'test_array' is negative
 static int test_array [1 - 2 * !((unsigned short int) -1 >> (32 - 1) == 1)];
            ^
conftest.c:58:12: warning: variable 'test_array' set but not used [-Wunused-but-set-variable]
configure:4084: $? = 1
configure: failed program was:
| /* confdefs.h.  */
| #define PACKAGE_NAME "spamdyke"
| #define PACKAGE_TARNAME "-spamdyke-"
| #define PACKAGE_VERSION "4.3.1"
| #define PACKAGE_STRING "spamdyke 4.3.1"
| #define PACKAGE_BUGREPORT "samc (at) silence (dot) org"
| #define STDC_HEADERS 1
| #define HAVE_SYS_TYPES_H 1
| #define HAVE_SYS_STAT_H 1
| #define HAVE_STDLIB_H 1
| #define HAVE_STRING_H 1
| #define HAVE_MEMORY_H 1
| #define HAVE_STRINGS_H 1
| #define HAVE_INTTYPES_H 1
| #define HAVE_STDINT_H 1
| #define HAVE_UNISTD_H 1
| #define HAVE_STDINT_H 1
| #define HAVE_SYS_TYPES_H 1
| #define HAVE_STDINT_H 1
| #define TIME_WITH_SYS_TIME 1
| /* end confdefs.h.  */
| #include <stdio.h>
| #ifdef HAVE_SYS_TYPES_H
| # include <sys/types.h>
| #endif
| #ifdef HAVE_SYS_STAT_H
| # include <sys/stat.h>
| #endif
| #ifdef STDC_HEADERS
| # include <stdlib.h>
| # include <stddef.h>
| #else
| # ifdef HAVE_STDLIB_H
| #  include <stdlib.h>
| # endif
| #endif
| #ifdef HAVE_STRING_H
| # if !defined STDC_HEADERS && defined HAVE_MEMORY_H
| #  include <memory.h>
| # endif
| # include <string.h>
| #endif
| #ifdef HAVE_STRINGS_H
| # include <strings.h>
| #endif
| #ifdef HAVE_INTTYPES_H
| # include <inttypes.h>
| #endif
| #ifdef HAVE_STDINT_H
| # include <stdint.h>
| #endif
| #ifdef HAVE_UNISTD_H
| # include <unistd.h>
| #endif
| int
| main ()
| {
| static int test_array [1 - 2 * !((unsigned short int) -1 >> (32 - 1) == 1)];
| test_array [0] = 0
| 
|   ;
|   return 0;
| }
configure:4078: gcc -c -Wall -D_FORTIFY_SOURCE=2 conftest.c >&5
conftest.c: In function 'main':
conftest.c:58:12: error: size of array 'test_array' is negative
 static int test_array [1 - 2 * !((unsigned char) -1 >> (32 - 1) == 1)];
            ^
conftest.c:58:12: warning: variable 'test_array' set but not used [-Wunused-but-set-variable]
configure:4084: $? = 1
configure: failed program was:
| /* confdefs.h.  */
| #define PACKAGE_NAME "spamdyke"
| #define PACKAGE_TARNAME "-spamdyke-"
| #define PACKAGE_VERSION "4.3.1"
| #define PACKAGE_STRING "spamdyke 4.3.1"
| #define PACKAGE_BUGREPORT "samc (at) silence (dot) org"
| #define STDC_HEADERS 1
| #define HAVE_SYS_TYPES_H 1
| #define HAVE_SYS_STAT_H 1
| #define HAVE_STDLIB_H 1
| #define HAVE_STRING_H 1
| #define HAVE_MEMORY_H 1
| #define HAVE_STRINGS_H 1
| #define HAVE_INTTYPES_H 1
| #define HAVE_STDINT_H 1
| #define HAVE_UNISTD_H 1
| #define HAVE_STDINT_H 1
| #define HAVE_SYS_TYPES_H 1
| #define HAVE_STDINT_H 1
| #define TIME_WITH_SYS_TIME 1
| /* end confdefs.h.  */
| #include <stdio.h>
| #ifdef HAVE_SYS_TYPES_H
| # include <sys/types.h>
| #endif
| #ifdef HAVE_SYS_STAT_H
| # include <sys/stat.h>
| #endif
| #ifdef STDC_HEADERS
| # include <stdlib.h>
| # include <stddef.h>
| #else
| # ifdef HAVE_STDLIB_H
| #  include <stdlib.h>
| # endif
| #endif
| #ifdef HAVE_STRING_H
| # if !defined STDC_HEADERS && defined HAVE_MEMORY_H
| #  include <memory.h>
| # endif
| # include <string.h>
| #endif
| #ifdef HAVE_STRINGS_H
| # include <strings.h>
| #endif
| #ifdef HAVE_INTTYPES_H
| # include <inttypes.h>
| #endif
| #ifdef HAVE_STDINT_H
| # include <stdint.h>
| #endif
| #ifdef HAVE_UNISTD_H
| # include <unistd.h>
| #endif
| int
| main ()
| {
| static int test_array [1 - 2 * !((unsigned char) -1 >> (32 - 1) == 1)];
| test_array [0] = 0
| 
|   ;
|   return 0;
| }
configure:4105: result: no
configure:4123: checking for uint64_t
configure:4154: gcc -c -Wall -D_FORTIFY_SOURCE=2 conftest.c >&5
conftest.c: In function 'main':
conftest.c:58:12: warning: variable 'test_array' set but not used [-Wunused-but-set-variable]
 static int test_array [1 - 2 * !((uint64_t) -1 >> (64 - 1) == 1)];
            ^
configure:4160: $? = 0
configure: failed program was:
| /* confdefs.h.  */
| #define PACKAGE_NAME "spamdyke"
| #define PACKAGE_TARNAME "-spamdyke-"
| #define PACKAGE_VERSION "4.3.1"
| #define PACKAGE_STRING "spamdyke 4.3.1"
| #define PACKAGE_BUGREPORT "samc (at) silence (dot) org"
| #define STDC_HEADERS 1
| #define HAVE_SYS_TYPES_H 1
| #define HAVE_SYS_STAT_H 1
| #define HAVE_STDLIB_H 1
| #define HAVE_STRING_H 1
| #define HAVE_MEMORY_H 1
| #define HAVE_STRINGS_H 1
| #define HAVE_INTTYPES_H 1
| #define HAVE_STDINT_H 1
| #define HAVE_UNISTD_H 1
| #define HAVE_STDINT_H 1
| #define HAVE_SYS_TYPES_H 1
| #define HAVE_STDINT_H 1
| #define TIME_WITH_SYS_TIME 1
| /* end confdefs.h.  */
| #include <stdio.h>
| #ifdef HAVE_SYS_TYPES_H
| # include <sys/types.h>
| #endif
| #ifdef HAVE_SYS_STAT_H
| # include <sys/stat.h>
| #endif
| #ifdef STDC_HEADERS
| # include <stdlib.h>
| # include <stddef.h>
| #else
| # ifdef HAVE_STDLIB_H
| #  include <stdlib.h>
| # endif
| #endif
| #ifdef HAVE_STRING_H
| # if !defined STDC_HEADERS && defined HAVE_MEMORY_H
| #  include <memory.h>
| # endif
| # include <string.h>
| #endif
| #ifdef HAVE_STRINGS_H
| # include <strings.h>
| #endif
| #ifdef HAVE_INTTYPES_H
| # include <inttypes.h>
| #endif
| #ifdef HAVE_STDINT_H
| # include <stdint.h>
| #endif
| #ifdef HAVE_UNISTD_H
| # include <unistd.h>
| #endif
| int
| main ()
| {
| static int test_array [1 - 2 * !((uint64_t) -1 >> (64 - 1) == 1)];
| test_array [0] = 0
| 
|   ;
|   return 0;
| }
configure:4154: gcc -c -Wall -D_FORTIFY_SOURCE=2 conftest.c >&5
conftest.c: In function 'main':
conftest.c:58:1: warning: right shift count >= width of type
 static int test_array [1 - 2 * !((unsigned int) -1 >> (64 - 1) == 1)];
 ^
conftest.c:58:12: error: storage size of 'test_array' isn't constant
 static int test_array [1 - 2 * !((unsigned int) -1 >> (64 - 1) == 1)];
            ^
conftest.c:58:12: warning: unused variable 'test_array' [-Wunused-variable]
configure:4160: $? = 1
configure: failed program was:
| /* confdefs.h.  */
| #define PACKAGE_NAME "spamdyke"
| #define PACKAGE_TARNAME "-spamdyke-"
| #define PACKAGE_VERSION "4.3.1"
| #define PACKAGE_STRING "spamdyke 4.3.1"
| #define PACKAGE_BUGREPORT "samc (at) silence (dot) org"
| #define STDC_HEADERS 1
| #define HAVE_SYS_TYPES_H 1
| #define HAVE_SYS_STAT_H 1
| #define HAVE_STDLIB_H 1
| #define HAVE_STRING_H 1
| #define HAVE_MEMORY_H 1
| #define HAVE_STRINGS_H 1
| #define HAVE_INTTYPES_H 1
| #define HAVE_STDINT_H 1
| #define HAVE_UNISTD_H 1
| #define HAVE_STDINT_H 1
| #define HAVE_SYS_TYPES_H 1
| #define HAVE_STDINT_H 1
| #define TIME_WITH_SYS_TIME 1
| /* end confdefs.h.  */
| #include <stdio.h>
| #ifdef HAVE_SYS_TYPES_H
| # include <sys/types.h>
| #endif
| #ifdef HAVE_SYS_STAT_H
| # include <sys/stat.h>
| #endif
| #ifdef STDC_HEADERS
| # include <stdlib.h>
| # include <stddef.h>
| #else
| # ifdef HAVE_STDLIB_H
| #  include <stdlib.h>
| # endif
| #endif
| #ifdef HAVE_STRING_H
| # if !defined STDC_HEADERS && defined HAVE_MEMORY_H
| #  include <memory.h>
| # endif
| # include <string.h>
| #endif
| #ifdef HAVE_STRINGS_H
| # include <strings.h>
| #endif
| #ifdef HAVE_INTTYPES_H
| # include <inttypes.h>
| #endif
| #ifdef HAVE_STDINT_H
| # include <stdint.h>
| #endif
| #ifdef HAVE_UNISTD_H
| # include <unistd.h>
| #endif
| int
| main ()
| {
| static int test_array [1 - 2 * !((unsigned int) -1 >> (64 - 1) == 1)];
| test_array [0] = 0
| 
|   ;
|   return 0;
| }
configure:4154: gcc -c -Wall -D_FORTIFY_SOURCE=2 conftest.c >&5
conftest.c: In function 'main':
conftest.c:58:1: warning: right shift count >= width of type
 static int test_array [1 - 2 * !((unsigned long int) -1 >> (64 - 1) == 1)];
 ^
conftest.c:58:12: error: storage size of 'test_array' isn't constant
 static int test_array [1 - 2 * !((unsigned long int) -1 >> (64 - 1) == 1)];
            ^
conftest.c:58:12: warning: unused variable 'test_array' [-Wunused-variable]
configure:4160: $? = 1
configure: failed program was:
| /* confdefs.h.  */
| #define PACKAGE_NAME "spamdyke"
| #define PACKAGE_TARNAME "-spamdyke-"
| #define PACKAGE_VERSION "4.3.1"
| #define PACKAGE_STRING "spamdyke 4.3.1"
| #define PACKAGE_BUGREPORT "samc (at) silence (dot) org"
| #define STDC_HEADERS 1
| #define HAVE_SYS_TYPES_H 1
| #define HAVE_SYS_STAT_H 1
| #define HAVE_STDLIB_H 1
| #define HAVE_STRING_H 1
| #define HAVE_MEMORY_H 1
| #define HAVE_STRINGS_H 1
| #define HAVE_INTTYPES_H 1
| #define HAVE_STDINT_H 1
| #define HAVE_UNISTD_H 1
| #define HAVE_STDINT_H 1
| #define HAVE_SYS_TYPES_H 1
| #define HAVE_STDINT_H 1
| #define TIME_WITH_SYS_TIME 1
| /* end confdefs.h.  */
| #include <stdio.h>
| #ifdef HAVE_SYS_TYPES_H
| # include <sys/types.h>
| #endif
| #ifdef HAVE_SYS_STAT_H
| # include <sys/stat.h>
| #endif
| #ifdef STDC_HEADERS
| # include <stdlib.h>
| # include <stddef.h>
| #else
| # ifdef HAVE_STDLIB_H
| #  include <stdlib.h>
| # endif
| #endif
| #ifdef HAVE_STRING_H
| # if !defined STDC_HEADERS && defined HAVE_MEMORY_H
| #  include <memory.h>
| # endif
| # include <string.h>
| #endif
| #ifdef HAVE_STRINGS_H
| # include <strings.h>
| #endif
| #ifdef HAVE_INTTYPES_H
| # include <inttypes.h>
| #endif
| #ifdef HAVE_STDINT_H
| # include <stdint.h>
| #endif
| #ifdef HAVE_UNISTD_H
| # include <unistd.h>
| #endif
| int
| main ()
| {
| static int test_array [1 - 2 * !((unsigned long int) -1 >> (64 - 1) == 1)];
| test_array [0] = 0
| 
|   ;
|   return 0;
| }
configure:4154: gcc -c -Wall -D_FORTIFY_SOURCE=2 conftest.c >&5
conftest.c: In function 'main':
conftest.c:58:12: warning: variable 'test_array' set but not used [-Wunused-but-set-variable]
 static int test_array [1 - 2 * !((unsigned long long int) -1 >> (64 - 1) == 1)];
            ^
configure:4160: $? = 0
configure: failed program was:
| /* confdefs.h.  */
| #define PACKAGE_NAME "spamdyke"
| #define PACKAGE_TARNAME "-spamdyke-"
| #define PACKAGE_VERSION "4.3.1"
| #define PACKAGE_STRING "spamdyke 4.3.1"
| #define PACKAGE_BUGREPORT "samc (at) silence (dot) org"
| #define STDC_HEADERS 1
| #define HAVE_SYS_TYPES_H 1
| #define HAVE_SYS_STAT_H 1
| #define HAVE_STDLIB_H 1
| #define HAVE_STRING_H 1
| #define HAVE_MEMORY_H 1
| #define HAVE_STRINGS_H 1
| #define HAVE_INTTYPES_H 1
| #define HAVE_STDINT_H 1
| #define HAVE_UNISTD_H 1
| #define HAVE_STDINT_H 1
| #define HAVE_SYS_TYPES_H 1
| #define HAVE_STDINT_H 1
| #define TIME_WITH_SYS_TIME 1
| /* end confdefs.h.  */
| #include <stdio.h>
| #ifdef HAVE_SYS_TYPES_H
| # include <sys/types.h>
| #endif
| #ifdef HAVE_SYS_STAT_H
| # include <sys/stat.h>
| #endif
| #ifdef STDC_HEADERS
| # include <stdlib.h>
| # include <stddef.h>
| #else
| # ifdef HAVE_STDLIB_H
| #  include <stdlib.h>
| # endif
| #endif
| #ifdef HAVE_STRING_H
| # if !defined STDC_HEADERS && defined HAVE_MEMORY_H
| #  include <memory.h>
| # endif
| # include <string.h>
| #endif
| #ifdef HAVE_STRINGS_H
| # include <strings.h>
| #endif
| #ifdef HAVE_INTTYPES_H
| # include <inttypes.h>
| #endif
| #ifdef HAVE_STDINT_H
| # include <stdint.h>
| #endif
| #ifdef HAVE_UNISTD_H
| # include <unistd.h>
| #endif
| int
| main ()
| {
| static int test_array [1 - 2 * !((unsigned long long int) -1 >> (64 - 1) == 1)];
| test_array [0] = 0
| 
|   ;
|   return 0;
| }
configure:4154: gcc -c -Wall -D_FORTIFY_SOURCE=2 conftest.c >&5
conftest.c: In function 'main':
conftest.c:58:1: warning: right shift count >= width of type
 static int test_array [1 - 2 * !((unsigned short int) -1 >> (64 - 1) == 1)];
 ^
conftest.c:58:12: error: storage size of 'test_array' isn't constant
 static int test_array [1 - 2 * !((unsigned short int) -1 >> (64 - 1) == 1)];
            ^
conftest.c:58:12: warning: unused variable 'test_array' [-Wunused-variable]
configure:4160: $? = 1
configure: failed program was:
| /* confdefs.h.  */
| #define PACKAGE_NAME "spamdyke"
| #define PACKAGE_TARNAME "-spamdyke-"
| #define PACKAGE_VERSION "4.3.1"
| #define PACKAGE_STRING "spamdyke 4.3.1"
| #define PACKAGE_BUGREPORT "samc (at) silence (dot) org"
| #define STDC_HEADERS 1
| #define HAVE_SYS_TYPES_H 1
| #define HAVE_SYS_STAT_H 1
| #define HAVE_STDLIB_H 1
| #define HAVE_STRING_H 1
| #define HAVE_MEMORY_H 1
| #define HAVE_STRINGS_H 1
| #define HAVE_INTTYPES_H 1
| #define HAVE_STDINT_H 1
| #define HAVE_UNISTD_H 1
| #define HAVE_STDINT_H 1
| #define HAVE_SYS_TYPES_H 1
| #define HAVE_STDINT_H 1
| #define TIME_WITH_SYS_TIME 1
| /* end confdefs.h.  */
| #include <stdio.h>
| #ifdef HAVE_SYS_TYPES_H
| # include <sys/types.h>
| #endif
| #ifdef HAVE_SYS_STAT_H
| # include <sys/stat.h>
| #endif
| #ifdef STDC_HEADERS
| # include <stdlib.h>
| # include <stddef.h>
| #else
| # ifdef HAVE_STDLIB_H
| #  include <stdlib.h>
| # endif
| #endif
| #ifdef HAVE_STRING_H
| # if !defined STDC_HEADERS && defined HAVE_MEMORY_H
| #  include <memory.h>
| # endif
| # include <string.h>
| #endif
| #ifdef HAVE_STRINGS_H
| # include <strings.h>
| #endif
| #ifdef HAVE_INTTYPES_H
| # include <inttypes.h>
| #endif
| #ifdef HAVE_STDINT_H
| # include <stdint.h>
| #endif
| #ifdef HAVE_UNISTD_H
| # include <unistd.h>
| #endif
| int
| main ()
| {
| static int test_array [1 - 2 * !((unsigned short int) -1 >> (64 - 1) == 1)];
| test_array [0] = 0
| 
|   ;
|   return 0;
| }
configure:4154: gcc -c -Wall -D_FORTIFY_SOURCE=2 conftest.c >&5
conftest.c: In function 'main':
conftest.c:58:1: warning: right shift count >= width of type
 static int test_array [1 - 2 * !((unsigned char) -1 >> (64 - 1) == 1)];
 ^
conftest.c:58:12: error: storage size of 'test_array' isn't constant
 static int test_array [1 - 2 * !((unsigned char) -1 >> (64 - 1) == 1)];
            ^
conftest.c:58:12: warning: unused variable 'test_array' [-Wunused-variable]
configure:4160: $? = 1
configure: failed program was:
| /* confdefs.h.  */
| #define PACKAGE_NAME "spamdyke"
| #define PACKAGE_TARNAME "-spamdyke-"
| #define PACKAGE_VERSION "4.3.1"
| #define PACKAGE_STRING "spamdyke 4.3.1"
| #define PACKAGE_BUGREPORT "samc (at) silence (dot) org"
| #define STDC_HEADERS 1
| #define HAVE_SYS_TYPES_H 1
| #define HAVE_SYS_STAT_H 1
| #define HAVE_STDLIB_H 1
| #define HAVE_STRING_H 1
| #define HAVE_MEMORY_H 1
| #define HAVE_STRINGS_H 1
| #define HAVE_INTTYPES_H 1
| #define HAVE_STDINT_H 1
| #define HAVE_UNISTD_H 1
| #define HAVE_STDINT_H 1
| #define HAVE_SYS_TYPES_H 1
| #define HAVE_STDINT_H 1
| #define TIME_WITH_SYS_TIME 1
| /* end confdefs.h.  */
| #include <stdio.h>
| #ifdef HAVE_SYS_TYPES_H
| # include <sys/types.h>
| #endif
| #ifdef HAVE_SYS_STAT_H
| # include <sys/stat.h>
| #endif
| #ifdef STDC_HEADERS
| # include <stdlib.h>
| # include <stddef.h>
| #else
| # ifdef HAVE_STDLIB_H
| #  include <stdlib.h>
| # endif
| #endif
| #ifdef HAVE_STRING_H
| # if !defined STDC_HEADERS && defined HAVE_MEMORY_H
| #  include <memory.h>
| # endif
| # include <string.h>
| #endif
| #ifdef HAVE_STRINGS_H
| # include <strings.h>
| #endif
| #ifdef HAVE_INTTYPES_H
| # include <inttypes.h>
| #endif
| #ifdef HAVE_STDINT_H
| # include <stdint.h>
| #endif
| #ifdef HAVE_UNISTD_H
| # include <unistd.h>
| #endif
| int
| main ()
| {
| static int test_array [1 - 2 * !((unsigned char) -1 >> (64 - 1) == 1)];
| test_array [0] = 0
| 
|   ;
|   return 0;
| }
configure:4181: result: no
configure:4206: checking for dirent.h that defines DIR
configure:4235: gcc -c -Wall -D_FORTIFY_SOURCE=2 conftest.c >&5
configure:4241: $? = 0
configure:4257: result: yes
configure:4270: checking for library containing opendir
configure:4311: gcc -o conftest -Wall -D_FORTIFY_SOURCE=2 -Wl,-z,relro conftest.c  >&5
configure:4317: $? = 0
configure:4345: result: none required
configure:4441: checking for struct dirent.d_type
configure:4486: gcc -c -Wall -D_FORTIFY_SOURCE=2 conftest.c >&5
configure:4492: $? = 0
configure:4566: result: yes
configure:4579: checking whether DT_WHT is declared
configure:4612: gcc -c -Wall -D_FORTIFY_SOURCE=2 conftest.c >&5
configure:4618: $? = 0
configure:4633: result: yes
configure:4641: checking whether S_IFWHT is declared
configure:4674: gcc -c -Wall -D_FORTIFY_SOURCE=2 conftest.c >&5
conftest.c: In function 'main':
conftest.c:66:10: error: 'S_IFWHT' undeclared (first use in this function)
   (void) S_IFWHT;
          ^
conftest.c:66:10: note: each undeclared identifier is reported only once for each function it appears in
configure:4680: $? = 1
configure: failed program was:
| /* confdefs.h.  */
| #define PACKAGE_NAME "spamdyke"
| #define PACKAGE_TARNAME "-spamdyke-"
| #define PACKAGE_VERSION "4.3.1"
| #define PACKAGE_STRING "spamdyke 4.3.1"
| #define PACKAGE_BUGREPORT "samc (at) silence (dot) org"
| #define STDC_HEADERS 1
| #define HAVE_SYS_TYPES_H 1
| #define HAVE_SYS_STAT_H 1
| #define HAVE_STDLIB_H 1
| #define HAVE_STRING_H 1
| #define HAVE_MEMORY_H 1
| #define HAVE_STRINGS_H 1
| #define HAVE_INTTYPES_H 1
| #define HAVE_STDINT_H 1
| #define HAVE_UNISTD_H 1
| #define HAVE_STDINT_H 1
| #define HAVE_SYS_TYPES_H 1
| #define HAVE_STDINT_H 1
| #define TIME_WITH_SYS_TIME 1
| #define HAVE_DIRENT_H 1
| #define HAVE_STRUCT_DIRENT_D_TYPE 1
| #define HAVE_DECL_DT_WHT 1
| /* end confdefs.h.  */
|  #include <stdio.h>
| #ifdef HAVE_SYS_TYPES_H
| # include <sys/types.h>
| #endif
| #ifdef HAVE_SYS_STAT_H
| # include <sys/stat.h>
| #endif
| #ifdef STDC_HEADERS
| # include <stdlib.h>
| # include <stddef.h>
| #else
| # ifdef HAVE_STDLIB_H
| #  include <stdlib.h>
| # endif
| #endif
| #ifdef HAVE_STRING_H
| # if !defined STDC_HEADERS && defined HAVE_MEMORY_H
| #  include <memory.h>
| # endif
| # include <string.h>
| #endif
| #ifdef HAVE_STRINGS_H
| # include <strings.h>
| #endif
| #ifdef HAVE_INTTYPES_H
| # include <inttypes.h>
| #endif
| #ifdef HAVE_STDINT_H
| # include <stdint.h>
| #endif
| #ifdef HAVE_UNISTD_H
| # include <unistd.h>
| #endif
|                                    #include <sys/types.h>
|                                     #include <sys/stat.h>
|                                     #include <dirent.h>
| 
| int
| main ()
| {
| #ifndef S_IFWHT
|   (void) S_IFWHT;
| #endif
| 
|   ;
|   return 0;
| }
configure:4695: result: no
configure:4726: checking whether INADDR_LOOPBACK is declared
configure:4757: gcc -c -Wall -D_FORTIFY_SOURCE=2 conftest.c >&5
configure:4763: $? = 0
configure:4778: result: yes
configure:4800: checking whether to include debugging symbols (for gdb)
configure:4855: result: no
configure:4859: checking for strip
configure:4875: found /usr/bin/strip
configure:4886: result: strip spamdyke
configure:4899: checking whether to include excessive debugging output
configure:4919: result: no
configure:4924: checking whether to include some debugging output
configure:4944: result: yes
configure:4956: checking whether to include configuration tests
configure:4959: result: yes
configure:4980: checking if openssl/ssl.h will include without additional include directories
configure:5003: gcc -c -Wall -O2 -D_FORTIFY_SOURCE=2 conftest.c >&5
configure:5009: $? = 0
configure:5051: gcc -c -Wall -O2 -D_FORTIFY_SOURCE=2 conftest.c >&5
configure:5057: $? = 0
configure:5063: result: yes
configure:5065: checking for library containing RSA_sign
configure:5106: gcc -o conftest -Wall -O2 -D_FORTIFY_SOURCE=2 -Wl,-z,relro conftest.c  >&5
/tmp/ccRuLu9B.o: In function `main':
conftest.c:(.text.startup+0x12): undefined reference to `RSA_sign'
collect2: error: ld returned 1 exit status
configure:5112: $? = 1
configure: failed program was:
| /* confdefs.h.  */
| #define PACKAGE_NAME "spamdyke"
| #define PACKAGE_TARNAME "-spamdyke-"
| #define PACKAGE_VERSION "4.3.1"
| #define PACKAGE_STRING "spamdyke 4.3.1"
| #define PACKAGE_BUGREPORT "samc (at) silence (dot) org"
| #define STDC_HEADERS 1
| #define HAVE_SYS_TYPES_H 1
| #define HAVE_SYS_STAT_H 1
| #define HAVE_STDLIB_H 1
| #define HAVE_STRING_H 1
| #define HAVE_MEMORY_H 1
| #define HAVE_STRINGS_H 1
| #define HAVE_INTTYPES_H 1
| #define HAVE_STDINT_H 1
| #define HAVE_UNISTD_H 1
| #define HAVE_STDINT_H 1
| #define HAVE_SYS_TYPES_H 1
| #define HAVE_STDINT_H 1
| #define TIME_WITH_SYS_TIME 1
| #define HAVE_DIRENT_H 1
| #define HAVE_STRUCT_DIRENT_D_TYPE 1
| #define HAVE_DECL_DT_WHT 1
| #define HAVE_DECL_S_IFWHT 0
| #define HAVE_DECL_INADDR_LOOPBACK 1
| /* end confdefs.h.  */
| 
| /* Override any GCC internal prototype to avoid an error.
|    Use char because int might match the return type of a GCC
|    builtin and then its argument prototype would still apply.  */
| #ifdef __cplusplus
| extern "C"
| #endif
| char RSA_sign ();
| int
| main ()
| {
| return RSA_sign ();
|   ;
|   return 0;
| }
configure:5106: gcc -o conftest -Wall -O2 -D_FORTIFY_SOURCE=2 -Wl,-z,relro conftest.c -lssl   >&5
/usr/bin/ld: /tmp/ccjdzDvF.o: undefined reference to symbol 'RSA_sign@@OPENSSL_1.0.0'
//usr/lib/i386-linux-gnu/libcrypto.so.1.0.0: error adding symbols: DSO missing from command line
collect2: error: ld returned 1 exit status
configure:5112: $? = 1
configure: failed program was:
| /* confdefs.h.  */
| #define PACKAGE_NAME "spamdyke"
| #define PACKAGE_TARNAME "-spamdyke-"
| #define PACKAGE_VERSION "4.3.1"
| #define PACKAGE_STRING "spamdyke 4.3.1"
| #define PACKAGE_BUGREPORT "samc (at) silence (dot) org"
| #define STDC_HEADERS 1
| #define HAVE_SYS_TYPES_H 1
| #define HAVE_SYS_STAT_H 1
| #define HAVE_STDLIB_H 1
| #define HAVE_STRING_H 1
| #define HAVE_MEMORY_H 1
| #define HAVE_STRINGS_H 1
| #define HAVE_INTTYPES_H 1
| #define HAVE_STDINT_H 1
| #define HAVE_UNISTD_H 1
| #define HAVE_STDINT_H 1
| #define HAVE_SYS_TYPES_H 1
| #define HAVE_STDINT_H 1
| #define TIME_WITH_SYS_TIME 1
| #define HAVE_DIRENT_H 1
| #define HAVE_STRUCT_DIRENT_D_TYPE 1
| #define HAVE_DECL_DT_WHT 1
| #define HAVE_DECL_S_IFWHT 0
| #define HAVE_DECL_INADDR_LOOPBACK 1
| /* end confdefs.h.  */
| 
| /* Override any GCC internal prototype to avoid an error.
|    Use char because int might match the return type of a GCC
|    builtin and then its argument prototype would still apply.  */
| #ifdef __cplusplus
| extern "C"
| #endif
| char RSA_sign ();
| int
| main ()
| {
| return RSA_sign ();
|   ;
|   return 0;
| }
configure:5106: gcc -o conftest -Wall -O2 -D_FORTIFY_SOURCE=2 -Wl,-z,relro conftest.c -lcrypto   >&5
configure:5112: $? = 0
configure:5140: result: -lcrypto
configure:5154: checking for library containing SSL_library_init
configure:5195: gcc -o conftest -Wall -O2 -D_FORTIFY_SOURCE=2 -Wl,-z,relro conftest.c -lcrypto  >&5
/tmp/ccNFYuRM.o: In function `main':
conftest.c:(.text.startup+0x12): undefined reference to `SSL_library_init'
collect2: error: ld returned 1 exit status
configure:5201: $? = 1
configure: failed program was:
| /* confdefs.h.  */
| #define PACKAGE_NAME "spamdyke"
| #define PACKAGE_TARNAME "-spamdyke-"
| #define PACKAGE_VERSION "4.3.1"
| #define PACKAGE_STRING "spamdyke 4.3.1"
| #define PACKAGE_BUGREPORT "samc (at) silence (dot) org"
| #define STDC_HEADERS 1
| #define HAVE_SYS_TYPES_H 1
| #define HAVE_SYS_STAT_H 1
| #define HAVE_STDLIB_H 1
| #define HAVE_STRING_H 1
| #define HAVE_MEMORY_H 1
| #define HAVE_STRINGS_H 1
| #define HAVE_INTTYPES_H 1
| #define HAVE_STDINT_H 1
| #define HAVE_UNISTD_H 1
| #define HAVE_STDINT_H 1
| #define HAVE_SYS_TYPES_H 1
| #define HAVE_STDINT_H 1
| #define TIME_WITH_SYS_TIME 1
| #define HAVE_DIRENT_H 1
| #define HAVE_STRUCT_DIRENT_D_TYPE 1
| #define HAVE_DECL_DT_WHT 1
| #define HAVE_DECL_S_IFWHT 0
| #define HAVE_DECL_INADDR_LOOPBACK 1
| /* end confdefs.h.  */
| 
| /* Override any GCC internal prototype to avoid an error.
|    Use char because int might match the return type of a GCC
|    builtin and then its argument prototype would still apply.  */
| #ifdef __cplusplus
| extern "C"
| #endif
| char SSL_library_init ();
| int
| main ()
| {
| return SSL_library_init ();
|   ;
|   return 0;
| }
configure:5195: gcc -o conftest -Wall -O2 -D_FORTIFY_SOURCE=2 -Wl,-z,relro conftest.c -lssl  -lcrypto  >&5
configure:5201: $? = 0
configure:5229: result: -lssl
configure:5239: checking for OpenSSL libraries (for TLS support)
configure:5241: result: yes
configure:5285: checking for library containing inet_aton
configure:5326: gcc -o conftest -Wall -O2 -D_FORTIFY_SOURCE=2 -Wl,-z,relro conftest.c -lssl -lcrypto  -lssl >&5
configure:5332: $? = 0
configure:5360: result: none required
configure:5374: checking for library containing bind
configure:5415: gcc -o conftest -Wall -O2 -D_FORTIFY_SOURCE=2 -Wl,-z,relro conftest.c -lssl -lcrypto  -lssl >&5
configure:5421: $? = 0
configure:5449: result: none required
configure:5463: checking for library containing inet_ntoa
configure:5504: gcc -o conftest -Wall -O2 -D_FORTIFY_SOURCE=2 -Wl,-z,relro conftest.c -lssl -lcrypto  -lssl >&5
configure:5510: $? = 0
configure:5538: result: none required
configure:5552: checking for library containing getopt_long
configure:5593: gcc -o conftest -Wall -O2 -D_FORTIFY_SOURCE=2 -Wl,-z,relro conftest.c -lssl -lcrypto  -lssl >&5
configure:5599: $? = 0
configure:5627: result: none required
configure:5732: checking whether anonymous inner functions are supported by default
configure:5755: gcc -c -Wall -O2 -D_FORTIFY_SOURCE=2 conftest.c >&5
configure:5761: $? = 0
configure:5766: result: yes
configure:5926: checking whether struct option is defined in getopt.h
configure:5952: gcc -c -Wall -O2 -D_FORTIFY_SOURCE=2 conftest.c >&5
configure:5958: $? = 0
configure:5963: result: yes
configure:6033: checking whether GCC diagnostic pragma directives are supported
configure:6056: gcc -c -Wall -O2 -D_FORTIFY_SOURCE=2 conftest.c >&5
configure:6062: $? = 0
configure:6067: result: yes
configure:6083: checking whether pid_t is an unsigned int or an unsigned long
configure:6110: gcc -c -Wall -O2 -D_FORTIFY_SOURCE=2 conftest.c >&5
configure:6116: $? = 0
configure:6121: result: unsigned int
configure:6141: checking whether uid_t is an unsigned int or an unsigned long
configure:6169: gcc -c -Wall -O2 -D_FORTIFY_SOURCE=2 conftest.c >&5
configure:6175: $? = 0
configure:6180: result: unsigned int
configure:6200: checking whether gid_t is an unsigned int or an unsigned long
configure:6228: gcc -c -Wall -O2 -D_FORTIFY_SOURCE=2 conftest.c >&5
configure:6234: $? = 0
configure:6239: result: unsigned int
configure:6259: checking whether time_t is an int or a long
configure:6286: gcc -c -Wall -O2 -D_FORTIFY_SOURCE=2 conftest.c >&5
conftest.c: In function 'main':
conftest.c:41:2: error: format '%d' expects argument of type 'int', but argument 2 has type 'time_t' [-Werror=format=]
  printf("%d", time(NULL));
  ^
cc1: some warnings being treated as errors
configure:6292: $? = 1
configure: failed program was:
| /* confdefs.h.  */
| #define PACKAGE_NAME "spamdyke"
| #define PACKAGE_TARNAME "-spamdyke-"
| #define PACKAGE_VERSION "4.3.1"
| #define PACKAGE_STRING "spamdyke 4.3.1"
| #define PACKAGE_BUGREPORT "samc (at) silence (dot) org"
| #define STDC_HEADERS 1
| #define HAVE_SYS_TYPES_H 1
| #define HAVE_SYS_STAT_H 1
| #define HAVE_STDLIB_H 1
| #define HAVE_STRING_H 1
| #define HAVE_MEMORY_H 1
| #define HAVE_STRINGS_H 1
| #define HAVE_INTTYPES_H 1
| #define HAVE_STDINT_H 1
| #define HAVE_UNISTD_H 1
| #define HAVE_STDINT_H 1
| #define HAVE_SYS_TYPES_H 1
| #define HAVE_STDINT_H 1
| #define TIME_WITH_SYS_TIME 1
| #define HAVE_DIRENT_H 1
| #define HAVE_STRUCT_DIRENT_D_TYPE 1
| #define HAVE_DECL_DT_WHT 1
| #define HAVE_DECL_S_IFWHT 0
| #define HAVE_DECL_INADDR_LOOPBACK 1
| #define HAVE_LIBSSL 1
| #define HAVE_GETOPT_H 1
| #define USE_PRAGMA 1
| #define FORMAT_PID_T "%u"
| #define FORMAT_UID_T "%u"
| #define FORMAT_GID_T "%u"
| /* end confdefs.h.  */
|  #include <stdio.h>
|                  #include <time.h>
|                  #ifdef USE_PRAGMA
|                  #pragma GCC diagnostic error "-Wformat"
|                  #endif
| int
| main ()
| {
|  printf("%d", time(NULL));
|   ;
|   return 0;
| }
configure:6307: result: long
configure:6317: checking whether int64_ts are supported in a test program
configure:6352: gcc -c -Wall -O2 -D_FORTIFY_SOURCE=2 conftest.c >&5
configure:6358: $? = 0
configure:6363: result: yes
configure:6365: checking whether printf()/scanf() uses %ld for 64-bit integers
configure:6414: gcc -o conftest -Wall -O2 -D_FORTIFY_SOURCE=2 -Wl,-z,relro conftest.c -lssl -lcrypto  -lssl >&5
conftest.c: In function 'main':
conftest.c:52:52: error: format '%ld' expects argument of type 'long int *', but argument 3 has type 'int64_t *' [-Werror=format=]
                                                    if ((sscanf("1", "%ld", &tmp) != 1) ||
                                                    ^
cc1: some warnings being treated as errors
configure:6417: $? = 1
configure: program exited with status 1
configure: failed program was:
|  /* confdefs.h.  */
| #define PACKAGE_NAME "spamdyke"
| #define PACKAGE_TARNAME "-spamdyke-"
| #define PACKAGE_VERSION "4.3.1"
| #define PACKAGE_STRING "spamdyke 4.3.1"
| #define PACKAGE_BUGREPORT "samc (at) silence (dot) org"
| #define STDC_HEADERS 1
| #define HAVE_SYS_TYPES_H 1
| #define HAVE_SYS_STAT_H 1
| #define HAVE_STDLIB_H 1
| #define HAVE_STRING_H 1
| #define HAVE_MEMORY_H 1
| #define HAVE_STRINGS_H 1
| #define HAVE_INTTYPES_H 1
| #define HAVE_STDINT_H 1
| #define HAVE_UNISTD_H 1
| #define HAVE_STDINT_H 1
| #define HAVE_SYS_TYPES_H 1
| #define HAVE_STDINT_H 1
| #define TIME_WITH_SYS_TIME 1
| #define HAVE_DIRENT_H 1
| #define HAVE_STRUCT_DIRENT_D_TYPE 1
| #define HAVE_DECL_DT_WHT 1
| #define HAVE_DECL_S_IFWHT 0
| #define HAVE_DECL_INADDR_LOOPBACK 1
| #define HAVE_LIBSSL 1
| #define HAVE_GETOPT_H 1
| #define USE_PRAGMA 1
| #define FORMAT_PID_T "%u"
| #define FORMAT_UID_T "%u"
| #define FORMAT_GID_T "%u"
| #define FORMAT_TIME_T "%ld"
| /* end confdefs.h.  */
|  #ifdef HAVE_INTTYPES_H
|                                                    #include <inttypes.h>
|                                                    #endif
|                                                    #ifdef HAVE_STDINT_H
|                                                    #include <stdint.h>
|                                                    #endif
|                                                    #ifdef HAVE_SYS_TYPES_H
|                                                    #include <sys/types.h>
|                                                    #endif
|                                                    #include <stdio.h>
|                                                    #ifdef USE_PRAGMA
|                                                    #pragma GCC diagnostic error "-Wformat"
|                                                    #endif
| int
| main ()
| {
|  int64_t tmp;
|                                                    tmp = 0x7777777777777777ULL;
|                                                    if ((sscanf("1", "%ld", &tmp) != 1) ||
|                                                        (tmp != 1))
|                                                      return(1);
|                                                    return(0);
| 
|   ;
|   return 0;
| }
| 
configure:6444: result: no
configure:6446: checking whether printf()/scanf() uses %lld for 64-bit integers
configure:6495: gcc -o conftest -Wall -O2 -D_FORTIFY_SOURCE=2 -Wl,-z,relro conftest.c -lssl -lcrypto  -lssl >&5
configure:6498: $? = 0
configure:6504: ./conftest
configure:6507: $? = 0
configure:6509: result: yes
configure:6647: checking whether __func__ is available
configure:6671: gcc -c -Wall -O2 -D_FORTIFY_SOURCE=2 conftest.c >&5
configure:6677: $? = 0
configure:6682: result: yes
configure:6749: checking whether socklen_t is available
configure:6773: gcc -c -Wall -O2 -D_FORTIFY_SOURCE=2 conftest.c >&5
configure:6779: $? = 0
configure:6784: result: yes
configure:6903: creating ./config.status

## ---------------------- ##
## Running config.status. ##
## ---------------------- ##

This file was extended by spamdyke config.status 4.3.1, which was
generated by GNU Autoconf 2.61.  Invocation command line was

  CONFIG_FILES    = 
  CONFIG_HEADERS  = 
  CONFIG_LINKS    = 
  CONFIG_COMMANDS = 
  $ ./config.status 

on qmail-dev.webnet.pl

config.status:592: creating Makefile
config.status:592: creating config.h

## ---------------- ##
## Cache variables. ##
## ---------------- ##

ac_cv_c_compiler_gnu=yes
ac_cv_c_int16_t=no
ac_cv_c_int32_t=no
ac_cv_c_int64_t=no
ac_cv_c_uint16_t=no
ac_cv_c_uint32_t=no
ac_cv_c_uint64_t=no
ac_cv_env_CC_set=
ac_cv_env_CC_value=
ac_cv_env_CFLAGS_set=set
ac_cv_env_CFLAGS_value='-g -O2 -fstack-protector-strong -Wformat -Werror=format-security'
ac_cv_env_CPPFLAGS_set=set
ac_cv_env_CPPFLAGS_value=-D_FORTIFY_SOURCE=2
ac_cv_env_CPP_set=
ac_cv_env_CPP_value=
ac_cv_env_LDFLAGS_set=set
ac_cv_env_LDFLAGS_value=-Wl,-z,relro
ac_cv_env_LIBS_set=
ac_cv_env_LIBS_value=
ac_cv_env_build_alias_set=set
ac_cv_env_build_alias_value=i586-linux-gnu
ac_cv_env_host_alias_set=
ac_cv_env_host_alias_value=
ac_cv_env_target_alias_set=
ac_cv_env_target_alias_value=
ac_cv_have_decl_DT_WHT=yes
ac_cv_have_decl_INADDR_LOOPBACK=yes
ac_cv_have_decl_S_IFWHT=no
ac_cv_header_dirent_dirent_h=yes
ac_cv_header_inttypes_h=yes
ac_cv_header_memory_h=yes
ac_cv_header_stdc=yes
ac_cv_header_stdint_h=yes
ac_cv_header_stdlib_h=yes
ac_cv_header_string_h=yes
ac_cv_header_strings_h=yes
ac_cv_header_sys_inttypes_h=no
ac_cv_header_sys_stat_h=yes
ac_cv_header_sys_types_h=yes
ac_cv_header_time=yes
ac_cv_header_unistd_h=yes
ac_cv_member_struct_dirent_d_type=yes
ac_cv_objext=o
ac_cv_path_EGREP='/bin/grep -E'
ac_cv_path_GREP=/bin/grep
ac_cv_prog_CPP='gcc -E'
ac_cv_prog_STRIP_CMD='strip spamdyke'
ac_cv_prog_ac_ct_CC=gcc
ac_cv_prog_cc_c89=
ac_cv_prog_cc_g=yes
ac_cv_search_RSA_sign=-lcrypto
ac_cv_search_SSL_library_init=-lssl
ac_cv_search_bind='none required'
ac_cv_search_getopt_long='none required'
ac_cv_search_inet_aton='none required'
ac_cv_search_inet_ntoa='none required'
ac_cv_search_opendir='none required'

## ----------------- ##
## Output variables. ##
## ----------------- ##

CC='gcc'
CFLAGS='-Wall -O2'
CPP='gcc -E'
CPPFLAGS='-D_FORTIFY_SOURCE=2'
DEFS='-DHAVE_CONFIG_H'
ECHO_C=''
ECHO_N='-n'
ECHO_T=''
EGREP='/bin/grep -E'
EXEEXT=''
GREP='/bin/grep'
LDFLAGS='-Wl,-z,relro'
LIBOBJS=''
LIBS='-lssl -lcrypto  -lssl'
LTLIBOBJS=''
OBJEXT='o'
PACKAGE_BUGREPORT='samc (at) silence (dot) org'
PACKAGE_NAME='spamdyke'
PACKAGE_STRING='spamdyke 4.3.1'
PACKAGE_TARNAME='-spamdyke-'
PACKAGE_VERSION='4.3.1'
PATH_SEPARATOR=':'
SHELL='/bin/bash'
STRIP_CMD='strip spamdyke'
ac_ct_CC='gcc'
bindir='${exec_prefix}/bin'
build_alias='i586-linux-gnu'
datadir='${datarootdir}'
datarootdir='${prefix}/share'
docdir='${datarootdir}/doc/${PACKAGE_TARNAME}'
dvidir='${docdir}'
exec_prefix='/usr'
host_alias=''
htmldir='${docdir}'
includedir='${prefix}/include'
infodir='${prefix}/share/info'
libdir='${prefix}/lib/i386-linux-gnu'
libexecdir='${prefix}/lib/i386-linux-gnu'
localedir='${datarootdir}/locale'
localstatedir='/var'
mandir='${prefix}/share/man'
oldincludedir='/usr/include'
pdfdir='${docdir}'
prefix='/usr'
program_transform_name='s,x,x,'
psdir='${docdir}'
sbindir='${exec_prefix}/sbin'
sharedstatedir='${prefix}/com'
sysconfdir='/etc'
target_alias=''

## ----------- ##
## confdefs.h. ##
## ----------- ##

#define PACKAGE_NAME "spamdyke"
#define PACKAGE_TARNAME "-spamdyke-"
#define PACKAGE_VERSION "4.3.1"
#define PACKAGE_STRING "spamdyke 4.3.1"
#define PACKAGE_BUGREPORT "samc (at) silence (dot) org"
#define STDC_HEADERS 1
#define HAVE_SYS_TYPES_H 1
#define HAVE_SYS_STAT_H 1
#define HAVE_STDLIB_H 1
#define HAVE_STRING_H 1
#define HAVE_MEMORY_H 1
#define HAVE_STRINGS_H 1
#define HAVE_INTTYPES_H 1
#define HAVE_STDINT_H 1
#define HAVE_UNISTD_H 1
#define HAVE_STDINT_H 1
#define HAVE_SYS_TYPES_H 1
#define HAVE_STDINT_H 1
#define TIME_WITH_SYS_TIME 1
#define HAVE_DIRENT_H 1
#define HAVE_STRUCT_DIRENT_D_TYPE 1
#define HAVE_DECL_DT_WHT 1
#define HAVE_DECL_S_IFWHT 0
#define HAVE_DECL_INADDR_LOOPBACK 1
#define HAVE_LIBSSL 1
#define HAVE_GETOPT_H 1
#define USE_PRAGMA 1
#define FORMAT_PID_T "%u"
#define FORMAT_UID_T "%u"
#define FORMAT_GID_T "%u"
#define FORMAT_TIME_T "%ld"
#define FORMAT_INT64_T "%lld"
#define FORMAT_UINT64_T "%llu"

configure: exit 0
